2021-10-06 05:56:33,996 INFO o.a.j.u.JMeterUtils: Setting Locale to en_EN
2021-10-06 05:56:34,026 INFO o.a.j.JMeter: Loading user properties from: /home/aleksey/study/ТПО/apache-jmeter-5.4.1/bin/user.properties
2021-10-06 05:56:34,027 INFO o.a.j.JMeter: Loading system properties from: /home/aleksey/study/ТПО/apache-jmeter-5.4.1/bin/system.properties
2021-10-06 05:56:34,037 INFO o.a.j.JMeter: Copyright (c) 1998-2021 The Apache Software Foundation
2021-10-06 05:56:34,037 INFO o.a.j.JMeter: Version 5.4.1
2021-10-06 05:56:34,037 INFO o.a.j.JMeter: java.version=11.0.6
2021-10-06 05:56:34,037 INFO o.a.j.JMeter: java.vm.name=OpenJDK 64-Bit Server VM
2021-10-06 05:56:34,037 INFO o.a.j.JMeter: os.name=Linux
2021-10-06 05:56:34,037 INFO o.a.j.JMeter: os.arch=amd64
2021-10-06 05:56:34,038 INFO o.a.j.JMeter: os.version=5.4.0-87-generic
2021-10-06 05:56:34,038 INFO o.a.j.JMeter: file.encoding=UTF-8
2021-10-06 05:56:34,038 INFO o.a.j.JMeter: java.awt.headless=null
2021-10-06 05:56:34,038 INFO o.a.j.JMeter: Max memory     =1073741824
2021-10-06 05:56:34,038 INFO o.a.j.JMeter: Available Processors =8
2021-10-06 05:56:34,050 INFO o.a.j.JMeter: Default Locale=English (EN)
2021-10-06 05:56:34,051 INFO o.a.j.JMeter: JMeter  Locale=English (EN)
2021-10-06 05:56:34,051 INFO o.a.j.JMeter: JMeterHome=/home/aleksey/study/ТПО/apache-jmeter-5.4.1
2021-10-06 05:56:34,051 INFO o.a.j.JMeter: user.dir  =/home/aleksey/study/ТПО/lab4/load
2021-10-06 05:56:34,051 INFO o.a.j.JMeter: PWD       =/home/aleksey/study/ТПО/lab4/load
2021-10-06 05:56:34,051 INFO o.a.j.JMeter: IP: 127.0.1.1 Name: aleksey-Aspire-A515-43 FullName: aleksey-Aspire-A515-43
2021-10-06 05:56:34,312 INFO o.a.j.JMeter: Setting LAF to: com.github.weisj.darklaf.DarkLaf:com.github.weisj.darklaf.theme.DarculaTheme
2021-10-06 05:56:34,747 INFO o.a.j.JMeter: Loaded icon properties from org/apache/jmeter/images/icon.properties
2021-10-06 05:56:41,680 INFO o.a.j.s.FileServer: Default base='/home/aleksey/study/ТПО/lab4/load'
2021-10-06 05:56:41,693 INFO o.a.j.g.a.Load: Loading file: /home/aleksey/study/ТПО/lab4/load/load.jmx
2021-10-06 05:56:41,693 INFO o.a.j.s.FileServer: Set new base='/home/aleksey/study/ТПО/lab4/load'
2021-10-06 05:56:41,834 INFO o.a.j.s.SaveService: Testplan (JMX) version: 2.2. Testlog (JTL) version: 2.2
2021-10-06 05:56:41,854 INFO o.a.j.s.SaveService: Using SaveService properties version 5.0
2021-10-06 05:56:41,856 INFO o.a.j.s.SaveService: Using SaveService properties file encoding UTF-8
2021-10-06 05:56:41,858 INFO o.a.j.s.SaveService: Loading file: /home/aleksey/study/ТПО/lab4/load/load.jmx
2021-10-06 05:56:41,902 INFO o.a.j.p.h.s.HTTPSamplerBase: Parser for text/html is org.apache.jmeter.protocol.http.parser.LagartoBasedHtmlParser
2021-10-06 05:56:41,903 INFO o.a.j.p.h.s.HTTPSamplerBase: Parser for application/xhtml+xml is org.apache.jmeter.protocol.http.parser.LagartoBasedHtmlParser
2021-10-06 05:56:41,903 INFO o.a.j.p.h.s.HTTPSamplerBase: Parser for application/xml is org.apache.jmeter.protocol.http.parser.LagartoBasedHtmlParser
2021-10-06 05:56:41,903 INFO o.a.j.p.h.s.HTTPSamplerBase: Parser for text/xml is org.apache.jmeter.protocol.http.parser.LagartoBasedHtmlParser
2021-10-06 05:56:41,903 INFO o.a.j.p.h.s.HTTPSamplerBase: Parser for text/vnd.wap.wml is org.apache.jmeter.protocol.http.parser.RegexpHTMLParser
2021-10-06 05:56:41,903 INFO o.a.j.p.h.s.HTTPSamplerBase: Parser for text/css is org.apache.jmeter.protocol.http.parser.CssParser
2021-10-06 05:56:42,275 INFO o.a.j.s.FileServer: Set new base='/home/aleksey/study/ТПО/lab4/load'
2021-10-06 05:56:50,139 INFO o.a.j.g.a.Load: Loading file: /home/aleksey/study/ТПО/lab4/stress/stress.jmx
2021-10-06 05:56:50,139 INFO o.a.j.s.FileServer: Set new base='/home/aleksey/study/ТПО/lab4/stress'
2021-10-06 05:56:50,140 INFO o.a.j.s.SaveService: Loading file: /home/aleksey/study/ТПО/lab4/stress/stress.jmx
2021-10-06 05:56:50,194 INFO o.a.j.s.FileServer: Set new base='/home/aleksey/study/ТПО/lab4/stress'
2021-10-06 05:57:00,364 INFO o.a.j.g.a.Load: Loading file: /home/aleksey/study/ТПО/lab4/load/load.jmx
2021-10-06 05:57:00,364 INFO o.a.j.s.FileServer: Set new base='/home/aleksey/study/ТПО/lab4/load'
2021-10-06 05:57:00,364 INFO o.a.j.s.SaveService: Loading file: /home/aleksey/study/ТПО/lab4/load/load.jmx
2021-10-06 05:57:00,468 INFO o.a.j.s.FileServer: Set new base='/home/aleksey/study/ТПО/lab4/load'
2021-10-06 06:00:48,787 WARN o.a.j.r.ResultCollector: /home/aleksey/study/ТПО/lab4/load/total.csv is empty
2021-10-06 06:02:41,024 INFO o.a.j.g.a.SearchTreeDialog: Replaced 1 in element:conf #1 req
2021-10-06 06:02:41,024 INFO o.a.j.g.a.SearchTreeDialog: Replaced 1 in element:conf #2 req
2021-10-06 06:02:41,025 INFO o.a.j.g.a.SearchTreeDialog: Replaced 1 in element:conf #3 req
2021-10-06 06:03:10,828 INFO o.a.j.g.a.SearchTreeDialog: Replaced 1 in element:conf #1 req
2021-10-06 06:03:10,829 INFO o.a.j.g.a.SearchTreeDialog: Replaced 1 in element:conf #2 req
2021-10-06 06:03:10,829 INFO o.a.j.g.a.SearchTreeDialog: Replaced 1 in element:conf #3 req
2021-10-06 06:07:33,377 INFO o.a.j.e.StandardJMeterEngine: Running the test!
2021-10-06 06:07:33,380 INFO o.a.j.s.SampleEvent: List of sample_variables: []
2021-10-06 06:07:33,381 INFO o.a.j.s.SampleEvent: List of sample_variables: []
2021-10-06 06:07:33,383 INFO o.a.j.e.u.CompoundVariable: Note: Function class names must contain the string: '.functions.'
2021-10-06 06:07:33,383 INFO o.a.j.e.u.CompoundVariable: Note: Function class names must not contain the string: '.gui.'
2021-10-06 06:07:33,688 INFO o.a.j.g.u.JMeterMenuBar: setRunning(true, *local*)
2021-10-06 06:07:33,739 INFO o.a.j.e.StandardJMeterEngine: Starting ThreadGroup: 1 : conf #1 users
2021-10-06 06:07:33,740 INFO o.a.j.e.StandardJMeterEngine: Starting 6 threads for group conf #1 users.
2021-10-06 06:07:33,740 INFO o.a.j.e.StandardJMeterEngine: Thread will continue on error
2021-10-06 06:07:33,741 INFO o.a.j.t.ThreadGroup: Starting thread group... number=1 threads=6 ramp-up=0 delayedStart=false
2021-10-06 06:07:33,748 INFO o.a.j.t.JMeterThread: Thread started: conf #1 users 1-1
2021-10-06 06:07:33,750 INFO o.a.j.t.JMeterThread: Thread started: conf #1 users 1-3
2021-10-06 06:07:33,750 INFO o.a.j.t.JMeterThread: Thread started: conf #1 users 1-2
2021-10-06 06:07:33,751 INFO o.a.j.t.JMeterThread: Thread started: conf #1 users 1-4
2021-10-06 06:07:33,758 INFO o.a.j.t.ThreadGroup: Started thread group number 1
2021-10-06 06:07:33,758 INFO o.a.j.e.StandardJMeterEngine: Starting ThreadGroup: 2 : conf #2 users
2021-10-06 06:07:33,756 INFO o.a.j.t.JMeterThread: Thread started: conf #1 users 1-5
2021-10-06 06:07:33,758 INFO o.a.j.e.StandardJMeterEngine: Starting 12 threads for group conf #2 users.
2021-10-06 06:07:33,759 INFO o.a.j.e.StandardJMeterEngine: Thread will continue on error
2021-10-06 06:07:33,758 INFO o.a.j.t.JMeterThread: Thread started: conf #1 users 1-6
2021-10-06 06:07:33,759 INFO o.a.j.t.ThreadGroup: Starting thread group... number=2 threads=12 ramp-up=0 delayedStart=false
2021-10-06 06:07:33,761 INFO o.a.j.t.JMeterThread: Thread started: conf #2 users 2-1
2021-10-06 06:07:33,762 INFO o.a.j.p.h.s.HTTPJavaImpl: Maximum connection retries = 0
2021-10-06 06:07:33,764 INFO o.a.j.s.SampleResult: Note: Sample TimeStamps are START times
2021-10-06 06:07:33,764 INFO o.a.j.s.SampleResult: sampleresult.default.encoding is set to ISO-8859-1
2021-10-06 06:07:33,764 INFO o.a.j.s.SampleResult: sampleresult.useNanoTime=true
2021-10-06 06:07:33,765 INFO o.a.j.s.SampleResult: sampleresult.nanoThreadSleep=5000
2021-10-06 06:07:33,767 INFO o.a.j.t.JMeterThread: Thread started: conf #2 users 2-2
2021-10-06 06:07:33,771 INFO o.a.j.t.JMeterThread: Thread started: conf #2 users 2-3
2021-10-06 06:07:33,771 INFO o.a.j.t.JMeterThread: Thread started: conf #2 users 2-4
2021-10-06 06:07:33,775 INFO o.a.j.t.JMeterThread: Thread started: conf #2 users 2-5
2021-10-06 06:07:33,783 INFO o.a.j.t.JMeterThread: Thread started: conf #2 users 2-6
2021-10-06 06:07:33,787 INFO o.a.j.t.JMeterThread: Thread started: conf #2 users 2-7
2021-10-06 06:07:33,787 INFO o.a.j.t.JMeterThread: Thread started: conf #2 users 2-8
2021-10-06 06:07:33,789 INFO o.a.j.t.JMeterThread: Thread started: conf #2 users 2-9
2021-10-06 06:07:33,789 INFO o.a.j.t.JMeterThread: Thread started: conf #2 users 2-10
2021-10-06 06:07:33,792 INFO o.a.j.t.JMeterThread: Thread started: conf #2 users 2-11
2021-10-06 06:07:33,798 INFO o.a.j.t.ThreadGroup: Started thread group number 2
2021-10-06 06:07:33,799 INFO o.a.j.e.StandardJMeterEngine: Starting ThreadGroup: 3 : conf #3 users
2021-10-06 06:07:33,799 INFO o.a.j.e.StandardJMeterEngine: Starting 12 threads for group conf #3 users.
2021-10-06 06:07:33,799 INFO o.a.j.e.StandardJMeterEngine: Thread will continue on error
2021-10-06 06:07:33,799 INFO o.a.j.t.JMeterThread: Thread started: conf #2 users 2-12
2021-10-06 06:07:33,799 INFO o.a.j.t.ThreadGroup: Starting thread group... number=3 threads=12 ramp-up=0 delayedStart=false
2021-10-06 06:07:33,805 INFO o.a.j.t.JMeterThread: Thread started: conf #3 users 3-1
2021-10-06 06:07:33,806 INFO o.a.j.t.JMeterThread: Thread started: conf #3 users 3-2
2021-10-06 06:07:33,810 INFO o.a.j.t.JMeterThread: Thread is done: conf #1 users 1-1
2021-10-06 06:07:33,810 INFO o.a.j.t.JMeterThread: Thread finished: conf #1 users 1-1
2021-10-06 06:07:33,814 INFO o.a.j.t.JMeterThread: Thread is done: conf #1 users 1-2
2021-10-06 06:07:33,814 INFO o.a.j.t.JMeterThread: Thread finished: conf #1 users 1-2
2021-10-06 06:07:33,818 INFO o.a.j.t.JMeterThread: Thread started: conf #3 users 3-6
2021-10-06 06:07:33,818 INFO o.a.j.t.JMeterThread: Thread started: conf #3 users 3-5
2021-10-06 06:07:33,818 INFO o.a.j.t.JMeterThread: Thread started: conf #3 users 3-4
2021-10-06 06:07:33,820 INFO o.a.j.t.JMeterThread: Thread is done: conf #2 users 2-7
2021-10-06 06:07:33,820 INFO o.a.j.t.JMeterThread: Thread finished: conf #2 users 2-7
2021-10-06 06:07:33,820 INFO o.a.j.t.JMeterThread: Thread is done: conf #2 users 2-5
2021-10-06 06:07:33,820 INFO o.a.j.t.JMeterThread: Thread finished: conf #2 users 2-5
2021-10-06 06:07:33,821 INFO o.a.j.t.JMeterThread: Thread started: conf #3 users 3-3
2021-10-06 06:07:33,822 INFO o.a.j.t.JMeterThread: Thread is done: conf #2 users 2-10
2021-10-06 06:07:33,822 INFO o.a.j.t.JMeterThread: Thread finished: conf #2 users 2-10
2021-10-06 06:07:33,823 INFO o.a.j.t.JMeterThread: Thread started: conf #3 users 3-7
2021-10-06 06:07:33,825 INFO o.a.j.t.JMeterThread: Thread is done: conf #1 users 1-6
2021-10-06 06:07:33,826 INFO o.a.j.t.JMeterThread: Thread finished: conf #1 users 1-6
2021-10-06 06:07:33,829 INFO o.a.j.t.JMeterThread: Thread is done: conf #2 users 2-4
2021-10-06 06:07:33,829 INFO o.a.j.t.JMeterThread: Thread finished: conf #2 users 2-4
2021-10-06 06:07:33,829 INFO o.a.j.t.JMeterThread: Thread started: conf #3 users 3-9
2021-10-06 06:07:33,829 INFO o.a.j.t.JMeterThread: Thread started: conf #3 users 3-8
2021-10-06 06:07:33,831 INFO o.a.j.t.JMeterThread: Thread started: conf #3 users 3-10
2021-10-06 06:07:33,835 INFO o.a.j.t.JMeterThread: Thread started: conf #3 users 3-11
2021-10-06 06:07:33,837 INFO o.a.j.t.JMeterThread: Thread is done: conf #2 users 2-11
2021-10-06 06:07:33,837 INFO o.a.j.t.JMeterThread: Thread finished: conf #2 users 2-11
2021-10-06 06:07:33,838 INFO o.a.j.t.JMeterThread: Thread is done: conf #2 users 2-2
2021-10-06 06:07:33,838 INFO o.a.j.t.JMeterThread: Thread is done: conf #2 users 2-6
2021-10-06 06:07:33,838 INFO o.a.j.t.JMeterThread: Thread is done: conf #3 users 3-5
2021-10-06 06:07:33,838 INFO o.a.j.t.JMeterThread: Thread finished: conf #2 users 2-2
2021-10-06 06:07:33,838 INFO o.a.j.t.JMeterThread: Thread finished: conf #2 users 2-6
2021-10-06 06:07:33,838 INFO o.a.j.t.JMeterThread: Thread finished: conf #3 users 3-5
2021-10-06 06:07:33,830 INFO o.a.j.t.JMeterThread: Thread is done: conf #2 users 2-12
2021-10-06 06:07:33,844 INFO o.a.j.t.JMeterThread: Thread is done: conf #3 users 3-10
2021-10-06 06:07:33,844 INFO o.a.j.t.JMeterThread: Thread finished: conf #2 users 2-12
2021-10-06 06:07:33,845 INFO o.a.j.t.JMeterThread: Thread is done: conf #2 users 2-9
2021-10-06 06:07:33,845 INFO o.a.j.t.JMeterThread: Thread finished: conf #3 users 3-10
2021-10-06 06:07:33,845 INFO o.a.j.t.JMeterThread: Thread finished: conf #2 users 2-9
2021-10-06 06:07:33,847 INFO o.a.j.t.JMeterThread: Thread started: conf #3 users 3-12
2021-10-06 06:07:33,848 INFO o.a.j.t.JMeterThread: Thread is done: conf #2 users 2-8
2021-10-06 06:07:33,848 INFO o.a.j.t.JMeterThread: Thread finished: conf #2 users 2-8
2021-10-06 06:07:33,844 INFO o.a.j.t.JMeterThread: Thread is done: conf #2 users 2-1
2021-10-06 06:07:33,843 INFO o.a.j.t.ThreadGroup: Started thread group number 3
2021-10-06 06:07:33,850 INFO o.a.j.e.StandardJMeterEngine: All thread groups have been started
2021-10-06 06:07:33,843 INFO o.a.j.t.JMeterThread: Thread is done: conf #2 users 2-3
2021-10-06 06:07:33,850 INFO o.a.j.t.JMeterThread: Thread finished: conf #2 users 2-1
2021-10-06 06:07:33,855 INFO o.a.j.t.JMeterThread: Thread is done: conf #1 users 1-5
2021-10-06 06:07:33,856 INFO o.a.j.t.JMeterThread: Thread finished: conf #2 users 2-3
2021-10-06 06:07:33,856 INFO o.a.j.t.JMeterThread: Thread finished: conf #1 users 1-5
2021-10-06 06:07:33,854 INFO o.a.j.t.JMeterThread: Thread is done: conf #3 users 3-9
2021-10-06 06:07:33,860 INFO o.a.j.t.JMeterThread: Thread finished: conf #3 users 3-9
2021-10-06 06:07:33,854 INFO o.a.j.t.JMeterThread: Thread is done: conf #3 users 3-7
2021-10-06 06:07:33,853 INFO o.a.j.t.JMeterThread: Thread is done: conf #1 users 1-3
2021-10-06 06:07:33,853 INFO o.a.j.t.JMeterThread: Thread is done: conf #3 users 3-6
2021-10-06 06:07:33,852 INFO o.a.j.t.JMeterThread: Thread is done: conf #3 users 3-8
2021-10-06 06:07:33,851 INFO o.a.j.t.JMeterThread: Thread is done: conf #3 users 3-2
2021-10-06 06:07:33,863 INFO o.a.j.t.JMeterThread: Thread finished: conf #3 users 3-2
2021-10-06 06:07:33,863 INFO o.a.j.t.JMeterThread: Thread finished: conf #3 users 3-8
2021-10-06 06:07:33,863 INFO o.a.j.t.JMeterThread: Thread finished: conf #3 users 3-6
2021-10-06 06:07:33,851 INFO o.a.j.t.JMeterThread: Thread is done: conf #3 users 3-1
2021-10-06 06:07:33,866 INFO o.a.j.t.JMeterThread: Thread finished: conf #3 users 3-7
2021-10-06 06:07:33,860 INFO o.a.j.t.JMeterThread: Thread is done: conf #3 users 3-3
2021-10-06 06:07:33,866 INFO o.a.j.t.JMeterThread: Thread finished: conf #1 users 1-3
2021-10-06 06:07:33,866 INFO o.a.j.t.JMeterThread: Thread finished: conf #3 users 3-3
2021-10-06 06:07:33,860 INFO o.a.j.t.JMeterThread: Thread is done: conf #3 users 3-11
2021-10-06 06:07:33,868 INFO o.a.j.t.JMeterThread: Thread finished: conf #3 users 3-11
2021-10-06 06:07:33,868 INFO o.a.j.t.JMeterThread: Thread is done: conf #3 users 3-12
2021-10-06 06:07:33,859 INFO o.a.j.t.JMeterThread: Thread is done: conf #3 users 3-4
2021-10-06 06:07:33,859 INFO o.a.j.t.JMeterThread: Thread is done: conf #1 users 1-4
2021-10-06 06:07:33,869 INFO o.a.j.t.JMeterThread: Thread finished: conf #3 users 3-4
2021-10-06 06:07:33,869 INFO o.a.j.t.JMeterThread: Thread finished: conf #1 users 1-4
2021-10-06 06:07:33,869 INFO o.a.j.t.JMeterThread: Thread finished: conf #3 users 3-12
2021-10-06 06:07:33,866 INFO o.a.j.t.JMeterThread: Thread finished: conf #3 users 3-1
2021-10-06 06:07:33,870 INFO o.a.j.e.StandardJMeterEngine: Notifying test listeners of end of test
2021-10-06 06:07:33,870 INFO o.a.j.g.u.JMeterMenuBar: setRunning(false, *local*)
2021-10-06 06:08:29,995 INFO o.a.j.e.StandardJMeterEngine: Running the test!
2021-10-06 06:08:29,996 INFO o.a.j.s.SampleEvent: List of sample_variables: []
2021-10-06 06:08:30,000 INFO o.a.j.g.u.JMeterMenuBar: setRunning(true, *local*)
2021-10-06 06:08:30,049 INFO o.a.j.e.StandardJMeterEngine: Starting ThreadGroup: 1 : conf #1 users
2021-10-06 06:08:30,049 INFO o.a.j.e.StandardJMeterEngine: Starting 6 threads for group conf #1 users.
2021-10-06 06:08:30,050 INFO o.a.j.e.StandardJMeterEngine: Thread will continue on error
2021-10-06 06:08:30,050 INFO o.a.j.t.ThreadGroup: Starting thread group... number=1 threads=6 ramp-up=0 delayedStart=false
2021-10-06 06:08:30,052 INFO o.a.j.t.JMeterThread: Thread started: conf #1 users 1-1
2021-10-06 06:08:30,053 INFO o.a.j.t.JMeterThread: Thread started: conf #1 users 1-3
2021-10-06 06:08:30,052 INFO o.a.j.t.JMeterThread: Thread started: conf #1 users 1-2
2021-10-06 06:08:30,059 INFO o.a.j.t.JMeterThread: Thread started: conf #1 users 1-4
2021-10-06 06:08:30,059 INFO o.a.j.t.JMeterThread: Thread started: conf #1 users 1-5
2021-10-06 06:08:30,061 INFO o.a.j.t.ThreadGroup: Started thread group number 1
2021-10-06 06:08:30,061 INFO o.a.j.e.StandardJMeterEngine: Starting ThreadGroup: 2 : conf #2 users
2021-10-06 06:08:30,061 INFO o.a.j.e.StandardJMeterEngine: Starting 12 threads for group conf #2 users.
2021-10-06 06:08:30,061 INFO o.a.j.t.JMeterThread: Thread started: conf #1 users 1-6
2021-10-06 06:08:30,061 INFO o.a.j.e.StandardJMeterEngine: Thread will continue on error
2021-10-06 06:08:30,061 INFO o.a.j.t.ThreadGroup: Starting thread group... number=2 threads=12 ramp-up=0 delayedStart=false
2021-10-06 06:08:30,064 INFO o.a.j.t.JMeterThread: Thread started: conf #2 users 2-1
2021-10-06 06:08:30,065 INFO o.a.j.t.JMeterThread: Thread started: conf #2 users 2-2
2021-10-06 06:08:30,066 INFO o.a.j.t.JMeterThread: Thread started: conf #2 users 2-3
2021-10-06 06:08:30,067 INFO o.a.j.t.JMeterThread: Thread started: conf #2 users 2-4
2021-10-06 06:08:30,068 INFO o.a.j.t.JMeterThread: Thread started: conf #2 users 2-5
2021-10-06 06:08:30,070 INFO o.a.j.t.JMeterThread: Thread started: conf #2 users 2-6
2021-10-06 06:08:30,071 INFO o.a.j.t.JMeterThread: Thread started: conf #2 users 2-7
2021-10-06 06:08:30,071 INFO o.a.j.t.JMeterThread: Thread started: conf #2 users 2-8
2021-10-06 06:08:30,074 INFO o.a.j.t.JMeterThread: Thread started: conf #2 users 2-9
2021-10-06 06:08:30,076 INFO o.a.j.t.JMeterThread: Thread started: conf #2 users 2-10
2021-10-06 06:08:30,076 INFO o.a.j.t.JMeterThread: Thread started: conf #2 users 2-11
2021-10-06 06:08:30,080 INFO o.a.j.t.ThreadGroup: Started thread group number 2
2021-10-06 06:08:30,081 INFO o.a.j.e.StandardJMeterEngine: Starting ThreadGroup: 3 : conf #3 users
2021-10-06 06:08:30,081 INFO o.a.j.e.StandardJMeterEngine: Starting 12 threads for group conf #3 users.
2021-10-06 06:08:30,081 INFO o.a.j.t.JMeterThread: Thread started: conf #2 users 2-12
2021-10-06 06:08:30,081 INFO o.a.j.e.StandardJMeterEngine: Thread will continue on error
2021-10-06 06:08:30,081 INFO o.a.j.t.ThreadGroup: Starting thread group... number=3 threads=12 ramp-up=0 delayedStart=false
2021-10-06 06:08:30,084 INFO o.a.j.t.JMeterThread: Thread started: conf #3 users 3-1
2021-10-06 06:08:30,086 INFO o.a.j.t.JMeterThread: Thread started: conf #3 users 3-2
2021-10-06 06:08:30,088 INFO o.a.j.t.JMeterThread: Thread started: conf #3 users 3-3
2021-10-06 06:08:30,088 INFO o.a.j.t.JMeterThread: Thread started: conf #3 users 3-4
2021-10-06 06:08:30,089 INFO o.a.j.t.JMeterThread: Thread started: conf #3 users 3-6
2021-10-06 06:08:30,089 INFO o.a.j.t.JMeterThread: Thread started: conf #3 users 3-5
2021-10-06 06:08:30,091 INFO o.a.j.t.JMeterThread: Thread started: conf #3 users 3-7
2021-10-06 06:08:30,091 INFO o.a.j.t.JMeterThread: Thread started: conf #3 users 3-8
2021-10-06 06:08:30,092 INFO o.a.j.t.JMeterThread: Thread started: conf #3 users 3-9
2021-10-06 06:08:30,095 INFO o.a.j.t.JMeterThread: Thread started: conf #3 users 3-10
2021-10-06 06:08:30,099 INFO o.a.j.t.JMeterThread: Thread started: conf #3 users 3-11
2021-10-06 06:08:30,102 INFO o.a.j.t.ThreadGroup: Started thread group number 3
2021-10-06 06:08:30,103 INFO o.a.j.e.StandardJMeterEngine: All thread groups have been started
2021-10-06 06:08:30,103 INFO o.a.j.t.JMeterThread: Thread started: conf #3 users 3-12
2021-10-06 06:08:31,192 INFO o.a.j.t.JMeterThread: Thread is done: conf #3 users 3-12
2021-10-06 06:08:31,192 INFO o.a.j.t.JMeterThread: Thread is done: conf #3 users 3-5
2021-10-06 06:08:31,192 INFO o.a.j.t.JMeterThread: Thread finished: conf #3 users 3-12
2021-10-06 06:08:31,192 INFO o.a.j.t.JMeterThread: Thread finished: conf #3 users 3-5
2021-10-06 06:08:31,193 INFO o.a.j.t.JMeterThread: Thread is done: conf #3 users 3-7
2021-10-06 06:08:31,193 INFO o.a.j.t.JMeterThread: Thread finished: conf #3 users 3-7
2021-10-06 06:08:31,196 INFO o.a.j.t.JMeterThread: Thread is done: conf #3 users 3-2
2021-10-06 06:08:31,196 INFO o.a.j.t.JMeterThread: Thread finished: conf #3 users 3-2
2021-10-06 06:08:31,215 INFO o.a.j.t.JMeterThread: Thread is done: conf #3 users 3-4
2021-10-06 06:08:31,215 INFO o.a.j.t.JMeterThread: Thread finished: conf #3 users 3-4
2021-10-06 06:08:31,219 INFO o.a.j.t.JMeterThread: Thread is done: conf #3 users 3-8
2021-10-06 06:08:31,219 INFO o.a.j.t.JMeterThread: Thread finished: conf #3 users 3-8
2021-10-06 06:08:31,222 INFO o.a.j.t.JMeterThread: Thread is done: conf #3 users 3-1
2021-10-06 06:08:31,223 INFO o.a.j.t.JMeterThread: Thread finished: conf #3 users 3-1
2021-10-06 06:08:31,234 INFO o.a.j.t.JMeterThread: Thread is done: conf #3 users 3-9
2021-10-06 06:08:31,234 INFO o.a.j.t.JMeterThread: Thread is done: conf #3 users 3-11
2021-10-06 06:08:31,234 INFO o.a.j.t.JMeterThread: Thread finished: conf #3 users 3-9
2021-10-06 06:08:31,234 INFO o.a.j.t.JMeterThread: Thread finished: conf #3 users 3-11
2021-10-06 06:08:31,236 INFO o.a.j.t.JMeterThread: Thread is done: conf #3 users 3-3
2021-10-06 06:08:31,237 INFO o.a.j.t.JMeterThread: Thread finished: conf #3 users 3-3
2021-10-06 06:08:31,240 INFO o.a.j.t.JMeterThread: Thread is done: conf #3 users 3-10
2021-10-06 06:08:31,240 INFO o.a.j.t.JMeterThread: Thread finished: conf #3 users 3-10
2021-10-06 06:08:31,244 INFO o.a.j.t.JMeterThread: Thread is done: conf #3 users 3-6
2021-10-06 06:08:31,244 INFO o.a.j.t.JMeterThread: Thread finished: conf #3 users 3-6
2021-10-06 06:08:32,406 INFO o.a.j.t.JMeterThread: Thread is done: conf #2 users 2-2
2021-10-06 06:08:32,406 INFO o.a.j.t.JMeterThread: Thread finished: conf #2 users 2-2
2021-10-06 06:08:32,407 INFO o.a.j.t.JMeterThread: Thread is done: conf #2 users 2-3
2021-10-06 06:08:32,407 INFO o.a.j.t.JMeterThread: Thread finished: conf #2 users 2-3
2021-10-06 06:08:32,410 INFO o.a.j.t.JMeterThread: Thread is done: conf #2 users 2-10
2021-10-06 06:08:32,410 INFO o.a.j.t.JMeterThread: Thread is done: conf #2 users 2-4
2021-10-06 06:08:32,410 INFO o.a.j.t.JMeterThread: Thread is done: conf #2 users 2-11
2021-10-06 06:08:32,410 INFO o.a.j.t.JMeterThread: Thread is done: conf #2 users 2-5
2021-10-06 06:08:32,410 INFO o.a.j.t.JMeterThread: Thread finished: conf #2 users 2-10
2021-10-06 06:08:32,410 INFO o.a.j.t.JMeterThread: Thread finished: conf #2 users 2-4
2021-10-06 06:08:32,410 INFO o.a.j.t.JMeterThread: Thread finished: conf #2 users 2-11
2021-10-06 06:08:32,410 INFO o.a.j.t.JMeterThread: Thread finished: conf #2 users 2-5
2021-10-06 06:08:32,412 INFO o.a.j.t.JMeterThread: Thread is done: conf #2 users 2-7
2021-10-06 06:08:32,412 INFO o.a.j.t.JMeterThread: Thread is done: conf #2 users 2-6
2021-10-06 06:08:32,413 INFO o.a.j.t.JMeterThread: Thread is done: conf #2 users 2-12
2021-10-06 06:08:32,413 INFO o.a.j.t.JMeterThread: Thread finished: conf #2 users 2-6
2021-10-06 06:08:32,413 INFO o.a.j.t.JMeterThread: Thread is done: conf #2 users 2-9
2021-10-06 06:08:32,413 INFO o.a.j.t.JMeterThread: Thread finished: conf #2 users 2-12
2021-10-06 06:08:32,413 INFO o.a.j.t.JMeterThread: Thread finished: conf #2 users 2-9
2021-10-06 06:08:32,413 INFO o.a.j.t.JMeterThread: Thread is done: conf #2 users 2-1
2021-10-06 06:08:32,413 INFO o.a.j.t.JMeterThread: Thread finished: conf #2 users 2-1
2021-10-06 06:08:32,413 INFO o.a.j.t.JMeterThread: Thread is done: conf #2 users 2-8
2021-10-06 06:08:32,413 INFO o.a.j.t.JMeterThread: Thread finished: conf #2 users 2-7
2021-10-06 06:08:32,414 INFO o.a.j.t.JMeterThread: Thread finished: conf #2 users 2-8
2021-10-06 06:08:32,467 INFO o.a.j.t.JMeterThread: Thread is done: conf #1 users 1-3
2021-10-06 06:08:32,468 INFO o.a.j.t.JMeterThread: Thread finished: conf #1 users 1-3
2021-10-06 06:08:32,470 INFO o.a.j.t.JMeterThread: Thread is done: conf #1 users 1-5
2021-10-06 06:08:32,470 INFO o.a.j.t.JMeterThread: Thread finished: conf #1 users 1-5
2021-10-06 06:08:32,477 INFO o.a.j.t.JMeterThread: Thread is done: conf #1 users 1-1
2021-10-06 06:08:32,477 INFO o.a.j.t.JMeterThread: Thread finished: conf #1 users 1-1
2021-10-06 06:08:32,486 INFO o.a.j.t.JMeterThread: Thread is done: conf #1 users 1-2
2021-10-06 06:08:32,486 INFO o.a.j.t.JMeterThread: Thread finished: conf #1 users 1-2
2021-10-06 06:08:32,488 INFO o.a.j.t.JMeterThread: Thread is done: conf #1 users 1-6
2021-10-06 06:08:32,488 INFO o.a.j.t.JMeterThread: Thread finished: conf #1 users 1-6
2021-10-06 06:08:32,495 INFO o.a.j.t.JMeterThread: Thread is done: conf #1 users 1-4
2021-10-06 06:08:32,495 INFO o.a.j.t.JMeterThread: Thread finished: conf #1 users 1-4
2021-10-06 06:08:32,495 INFO o.a.j.e.StandardJMeterEngine: Notifying test listeners of end of test
2021-10-06 06:08:32,496 INFO o.a.j.g.u.JMeterMenuBar: setRunning(false, *local*)
2021-10-06 06:12:31,588 INFO o.a.j.e.StandardJMeterEngine: Running the test!
2021-10-06 06:12:31,589 INFO o.a.j.s.SampleEvent: List of sample_variables: []
2021-10-06 06:12:31,591 INFO o.a.j.g.u.JMeterMenuBar: setRunning(true, *local*)
2021-10-06 06:12:31,650 INFO o.a.j.e.StandardJMeterEngine: Starting ThreadGroup: 1 : conf #1 users
2021-10-06 06:12:31,650 INFO o.a.j.e.StandardJMeterEngine: Starting 6 threads for group conf #1 users.
2021-10-06 06:12:31,651 INFO o.a.j.e.StandardJMeterEngine: Thread will continue on error
2021-10-06 06:12:31,652 INFO o.a.j.t.ThreadGroup: Starting thread group... number=1 threads=6 ramp-up=0 delayedStart=false
2021-10-06 06:12:31,654 INFO o.a.j.t.JMeterThread: Thread started: conf #1 users 1-2
2021-10-06 06:12:31,654 INFO o.a.j.t.JMeterThread: Thread started: conf #1 users 1-1
2021-10-06 06:12:31,654 INFO o.a.j.t.JMeterThread: Thread started: conf #1 users 1-3
2021-10-06 06:12:31,656 INFO o.a.j.t.JMeterThread: Thread started: conf #1 users 1-4
2021-10-06 06:12:31,656 INFO o.a.j.t.JMeterThread: Thread started: conf #1 users 1-5
2021-10-06 06:12:31,656 INFO o.a.j.t.ThreadGroup: Started thread group number 1
2021-10-06 06:12:31,657 INFO o.a.j.e.StandardJMeterEngine: Starting ThreadGroup: 2 : conf #2 users
2021-10-06 06:12:31,657 INFO o.a.j.e.StandardJMeterEngine: Starting 12 threads for group conf #2 users.
2021-10-06 06:12:31,657 INFO o.a.j.e.StandardJMeterEngine: Thread will continue on error
2021-10-06 06:12:31,657 INFO o.a.j.t.ThreadGroup: Starting thread group... number=2 threads=12 ramp-up=0 delayedStart=false
2021-10-06 06:12:31,657 INFO o.a.j.t.JMeterThread: Thread started: conf #1 users 1-6
2021-10-06 06:12:31,658 INFO o.a.j.t.JMeterThread: Thread started: conf #2 users 2-1
2021-10-06 06:12:31,660 INFO o.a.j.t.JMeterThread: Thread started: conf #2 users 2-4
2021-10-06 06:12:31,660 INFO o.a.j.t.JMeterThread: Thread started: conf #2 users 2-2
2021-10-06 06:12:31,660 INFO o.a.j.t.JMeterThread: Thread started: conf #2 users 2-5
2021-10-06 06:12:31,662 INFO o.a.j.t.JMeterThread: Thread started: conf #2 users 2-6
2021-10-06 06:12:31,662 INFO o.a.j.t.JMeterThread: Thread started: conf #2 users 2-3
2021-10-06 06:12:31,664 INFO o.a.j.t.JMeterThread: Thread started: conf #2 users 2-7
2021-10-06 06:12:31,665 INFO o.a.j.t.JMeterThread: Thread started: conf #2 users 2-8
2021-10-06 06:12:31,666 INFO o.a.j.t.JMeterThread: Thread started: conf #2 users 2-9
2021-10-06 06:12:31,666 INFO o.a.j.t.JMeterThread: Thread started: conf #2 users 2-10
2021-10-06 06:12:31,667 INFO o.a.j.t.JMeterThread: Thread started: conf #2 users 2-11
2021-10-06 06:12:31,667 INFO o.a.j.t.ThreadGroup: Started thread group number 2
2021-10-06 06:12:31,667 INFO o.a.j.e.StandardJMeterEngine: Starting ThreadGroup: 3 : conf #3 users
2021-10-06 06:12:31,667 INFO o.a.j.e.StandardJMeterEngine: Starting 12 threads for group conf #3 users.
2021-10-06 06:12:31,667 INFO o.a.j.t.JMeterThread: Thread started: conf #2 users 2-12
2021-10-06 06:12:31,667 INFO o.a.j.e.StandardJMeterEngine: Thread will continue on error
2021-10-06 06:12:31,668 INFO o.a.j.t.ThreadGroup: Starting thread group... number=3 threads=12 ramp-up=0 delayedStart=false
2021-10-06 06:12:31,669 INFO o.a.j.t.JMeterThread: Thread started: conf #3 users 3-1
2021-10-06 06:12:31,670 INFO o.a.j.t.JMeterThread: Thread started: conf #3 users 3-2
2021-10-06 06:12:31,671 INFO o.a.j.t.JMeterThread: Thread started: conf #3 users 3-3
2021-10-06 06:12:31,672 INFO o.a.j.t.JMeterThread: Thread started: conf #3 users 3-4
2021-10-06 06:12:31,673 INFO o.a.j.t.JMeterThread: Thread started: conf #3 users 3-5
2021-10-06 06:12:31,677 INFO o.a.j.t.JMeterThread: Thread started: conf #3 users 3-6
2021-10-06 06:12:31,677 INFO o.a.j.t.JMeterThread: Thread started: conf #3 users 3-7
2021-10-06 06:12:31,678 INFO o.a.j.t.JMeterThread: Thread started: conf #3 users 3-8
2021-10-06 06:12:31,683 INFO o.a.j.t.JMeterThread: Thread started: conf #3 users 3-9
2021-10-06 06:12:31,683 INFO o.a.j.t.JMeterThread: Thread started: conf #3 users 3-10
2021-10-06 06:12:31,684 INFO o.a.j.t.ThreadGroup: Started thread group number 3
2021-10-06 06:12:31,684 INFO o.a.j.t.JMeterThread: Thread started: conf #3 users 3-11
2021-10-06 06:12:31,685 INFO o.a.j.e.StandardJMeterEngine: All thread groups have been started
2021-10-06 06:12:31,685 INFO o.a.j.t.JMeterThread: Thread started: conf #3 users 3-12
2021-10-06 06:12:32,865 INFO o.a.j.t.JMeterThread: Thread is done: conf #3 users 3-3
2021-10-06 06:12:32,866 INFO o.a.j.t.JMeterThread: Thread is done: conf #3 users 3-9
2021-10-06 06:12:32,866 INFO o.a.j.t.JMeterThread: Thread is done: conf #3 users 3-4
2021-10-06 06:12:32,865 INFO o.a.j.t.JMeterThread: Thread is done: conf #3 users 3-6
2021-10-06 06:12:32,866 INFO o.a.j.t.JMeterThread: Thread finished: conf #3 users 3-3
2021-10-06 06:12:32,866 INFO o.a.j.t.JMeterThread: Thread is done: conf #3 users 3-5
2021-10-06 06:12:32,866 INFO o.a.j.t.JMeterThread: Thread finished: conf #3 users 3-6
2021-10-06 06:12:32,866 INFO o.a.j.t.JMeterThread: Thread finished: conf #3 users 3-9
2021-10-06 06:12:32,866 INFO o.a.j.t.JMeterThread: Thread is done: conf #3 users 3-12
2021-10-06 06:12:32,866 INFO o.a.j.t.JMeterThread: Thread finished: conf #3 users 3-5
2021-10-06 06:12:32,866 INFO o.a.j.t.JMeterThread: Thread finished: conf #3 users 3-4
2021-10-06 06:12:32,868 INFO o.a.j.t.JMeterThread: Thread finished: conf #3 users 3-12
2021-10-06 06:12:32,869 INFO o.a.j.t.JMeterThread: Thread is done: conf #3 users 3-1
2021-10-06 06:12:32,869 INFO o.a.j.t.JMeterThread: Thread is done: conf #3 users 3-7
2021-10-06 06:12:32,869 INFO o.a.j.t.JMeterThread: Thread is done: conf #3 users 3-10
2021-10-06 06:12:32,869 INFO o.a.j.t.JMeterThread: Thread finished: conf #3 users 3-1
2021-10-06 06:12:32,870 INFO o.a.j.t.JMeterThread: Thread finished: conf #3 users 3-7
2021-10-06 06:12:32,870 INFO o.a.j.t.JMeterThread: Thread finished: conf #3 users 3-10
2021-10-06 06:12:32,870 INFO o.a.j.t.JMeterThread: Thread is done: conf #3 users 3-11
2021-10-06 06:12:32,869 INFO o.a.j.t.JMeterThread: Thread is done: conf #3 users 3-2
2021-10-06 06:12:32,869 INFO o.a.j.t.JMeterThread: Thread is done: conf #3 users 3-8
2021-10-06 06:12:32,870 INFO o.a.j.t.JMeterThread: Thread finished: conf #3 users 3-11
2021-10-06 06:12:32,870 INFO o.a.j.t.JMeterThread: Thread finished: conf #3 users 3-2
2021-10-06 06:12:32,870 INFO o.a.j.t.JMeterThread: Thread finished: conf #3 users 3-8
2021-10-06 06:12:33,777 INFO o.a.j.t.JMeterThread: Thread is done: conf #2 users 2-2
2021-10-06 06:12:33,778 INFO o.a.j.t.JMeterThread: Thread is done: conf #2 users 2-3
2021-10-06 06:12:33,778 INFO o.a.j.t.JMeterThread: Thread is done: conf #2 users 2-4
2021-10-06 06:12:33,778 INFO o.a.j.t.JMeterThread: Thread finished: conf #2 users 2-2
2021-10-06 06:12:33,778 INFO o.a.j.t.JMeterThread: Thread is done: conf #2 users 2-1
2021-10-06 06:12:33,778 INFO o.a.j.t.JMeterThread: Thread finished: conf #2 users 2-3
2021-10-06 06:12:33,778 INFO o.a.j.t.JMeterThread: Thread finished: conf #2 users 2-4
2021-10-06 06:12:33,778 INFO o.a.j.t.JMeterThread: Thread finished: conf #2 users 2-1
2021-10-06 06:12:33,782 INFO o.a.j.t.JMeterThread: Thread is done: conf #2 users 2-11
2021-10-06 06:12:33,783 INFO o.a.j.t.JMeterThread: Thread finished: conf #2 users 2-11
2021-10-06 06:12:33,786 INFO o.a.j.t.JMeterThread: Thread is done: conf #2 users 2-10
2021-10-06 06:12:33,787 INFO o.a.j.t.JMeterThread: Thread finished: conf #2 users 2-10
2021-10-06 06:12:33,788 INFO o.a.j.t.JMeterThread: Thread is done: conf #2 users 2-7
2021-10-06 06:12:33,788 INFO o.a.j.t.JMeterThread: Thread finished: conf #2 users 2-7
2021-10-06 06:12:33,789 INFO o.a.j.t.JMeterThread: Thread is done: conf #2 users 2-9
2021-10-06 06:12:33,789 INFO o.a.j.t.JMeterThread: Thread finished: conf #2 users 2-9
2021-10-06 06:12:33,792 INFO o.a.j.t.JMeterThread: Thread is done: conf #2 users 2-5
2021-10-06 06:12:33,793 INFO o.a.j.t.JMeterThread: Thread finished: conf #2 users 2-5
2021-10-06 06:12:33,794 INFO o.a.j.t.JMeterThread: Thread is done: conf #2 users 2-12
2021-10-06 06:12:33,795 INFO o.a.j.t.JMeterThread: Thread finished: conf #2 users 2-12
2021-10-06 06:12:33,795 INFO o.a.j.t.JMeterThread: Thread is done: conf #2 users 2-8
2021-10-06 06:12:33,795 INFO o.a.j.t.JMeterThread: Thread finished: conf #2 users 2-8
2021-10-06 06:12:33,798 INFO o.a.j.t.JMeterThread: Thread is done: conf #2 users 2-6
2021-10-06 06:12:33,798 INFO o.a.j.t.JMeterThread: Thread finished: conf #2 users 2-6
2021-10-06 06:12:34,094 INFO o.a.j.t.JMeterThread: Thread is done: conf #1 users 1-1
2021-10-06 06:12:34,094 INFO o.a.j.t.JMeterThread: Thread is done: conf #1 users 1-4
2021-10-06 06:12:34,094 INFO o.a.j.t.JMeterThread: Thread finished: conf #1 users 1-4
2021-10-06 06:12:34,094 INFO o.a.j.t.JMeterThread: Thread finished: conf #1 users 1-1
2021-10-06 06:12:34,104 INFO o.a.j.t.JMeterThread: Thread is done: conf #1 users 1-3
2021-10-06 06:12:34,104 INFO o.a.j.t.JMeterThread: Thread finished: conf #1 users 1-3
2021-10-06 06:12:34,105 INFO o.a.j.t.JMeterThread: Thread is done: conf #1 users 1-5
2021-10-06 06:12:34,105 INFO o.a.j.t.JMeterThread: Thread finished: conf #1 users 1-5
2021-10-06 06:12:34,109 INFO o.a.j.t.JMeterThread: Thread is done: conf #1 users 1-6
2021-10-06 06:12:34,110 INFO o.a.j.t.JMeterThread: Thread finished: conf #1 users 1-6
2021-10-06 06:12:34,113 INFO o.a.j.t.JMeterThread: Thread is done: conf #1 users 1-2
2021-10-06 06:12:34,113 INFO o.a.j.t.JMeterThread: Thread finished: conf #1 users 1-2
2021-10-06 06:12:34,113 INFO o.a.j.e.StandardJMeterEngine: Notifying test listeners of end of test
2021-10-06 06:12:34,114 INFO o.a.j.g.u.JMeterMenuBar: setRunning(false, *local*)
2021-10-06 06:14:51,832 INFO o.a.j.g.a.HtmlReportGenerator: The HTML report generation failed and returned: File '/home/aleksey/study/ТПО/lab4/load/total.csv' does not contain the field names header, ensure the jmeter.save.saveservice.* properties are the same as when the CSV file was created or the file may be read incorrectly when generating report
An error occurred: Mismatch between expected number of columns:17 and columns in CSV file:13, check your jmeter.save.saveservice.* configuration or check if line 2 in '/home/aleksey/study/ТПО/lab4/load/total.csv' is complete

2021-10-06 06:15:12,951 INFO o.a.j.e.StandardJMeterEngine: Running the test!
2021-10-06 06:15:12,952 INFO o.a.j.s.SampleEvent: List of sample_variables: []
2021-10-06 06:15:12,954 INFO o.a.j.g.u.JMeterMenuBar: setRunning(true, *local*)
2021-10-06 06:15:13,006 INFO o.a.j.e.StandardJMeterEngine: Starting ThreadGroup: 1 : conf #1 users
2021-10-06 06:15:13,007 INFO o.a.j.e.StandardJMeterEngine: Starting 6 threads for group conf #1 users.
2021-10-06 06:15:13,007 INFO o.a.j.e.StandardJMeterEngine: Thread will continue on error
2021-10-06 06:15:13,007 INFO o.a.j.t.ThreadGroup: Starting thread group... number=1 threads=6 ramp-up=0 delayedStart=false
2021-10-06 06:15:13,008 INFO o.a.j.t.JMeterThread: Thread started: conf #1 users 1-1
2021-10-06 06:15:13,008 INFO o.a.j.t.JMeterThread: Thread started: conf #1 users 1-2
2021-10-06 06:15:13,008 INFO o.a.j.t.JMeterThread: Thread started: conf #1 users 1-3
2021-10-06 06:15:13,009 INFO o.a.j.t.JMeterThread: Thread started: conf #1 users 1-4
2021-10-06 06:15:13,013 INFO o.a.j.t.JMeterThread: Thread started: conf #1 users 1-5
2021-10-06 06:15:13,014 INFO o.a.j.t.ThreadGroup: Started thread group number 1
2021-10-06 06:15:13,014 INFO o.a.j.e.StandardJMeterEngine: Starting ThreadGroup: 2 : conf #2 users
2021-10-06 06:15:13,014 INFO o.a.j.e.StandardJMeterEngine: Starting 12 threads for group conf #2 users.
2021-10-06 06:15:13,014 INFO o.a.j.t.JMeterThread: Thread started: conf #1 users 1-6
2021-10-06 06:15:13,014 INFO o.a.j.e.StandardJMeterEngine: Thread will continue on error
2021-10-06 06:15:13,015 INFO o.a.j.t.ThreadGroup: Starting thread group... number=2 threads=12 ramp-up=0 delayedStart=false
2021-10-06 06:15:13,016 INFO o.a.j.t.JMeterThread: Thread started: conf #2 users 2-1
2021-10-06 06:15:13,020 INFO o.a.j.t.JMeterThread: Thread started: conf #2 users 2-2
2021-10-06 06:15:13,020 INFO o.a.j.t.JMeterThread: Thread started: conf #2 users 2-3
2021-10-06 06:15:13,021 INFO o.a.j.t.JMeterThread: Thread started: conf #2 users 2-4
2021-10-06 06:15:13,022 INFO o.a.j.t.JMeterThread: Thread started: conf #2 users 2-5
2021-10-06 06:15:13,025 INFO o.a.j.t.JMeterThread: Thread started: conf #2 users 2-6
2021-10-06 06:15:13,028 INFO o.a.j.t.JMeterThread: Thread started: conf #2 users 2-7
2021-10-06 06:15:13,029 INFO o.a.j.t.JMeterThread: Thread started: conf #2 users 2-8
2021-10-06 06:15:13,030 INFO o.a.j.t.JMeterThread: Thread started: conf #2 users 2-9
2021-10-06 06:15:13,031 INFO o.a.j.t.JMeterThread: Thread started: conf #2 users 2-10
2021-10-06 06:15:13,034 INFO o.a.j.t.JMeterThread: Thread started: conf #2 users 2-11
2021-10-06 06:15:13,035 INFO o.a.j.t.ThreadGroup: Started thread group number 2
2021-10-06 06:15:13,035 INFO o.a.j.e.StandardJMeterEngine: Starting ThreadGroup: 3 : conf #3 users
2021-10-06 06:15:13,035 INFO o.a.j.e.StandardJMeterEngine: Starting 12 threads for group conf #3 users.
2021-10-06 06:15:13,035 INFO o.a.j.t.JMeterThread: Thread started: conf #2 users 2-12
2021-10-06 06:15:13,035 INFO o.a.j.e.StandardJMeterEngine: Thread will continue on error
2021-10-06 06:15:13,035 INFO o.a.j.t.ThreadGroup: Starting thread group... number=3 threads=12 ramp-up=0 delayedStart=false
2021-10-06 06:15:13,038 INFO o.a.j.t.JMeterThread: Thread started: conf #3 users 3-1
2021-10-06 06:15:13,045 INFO o.a.j.t.JMeterThread: Thread started: conf #3 users 3-2
2021-10-06 06:15:13,046 INFO o.a.j.t.JMeterThread: Thread started: conf #3 users 3-3
2021-10-06 06:15:13,047 INFO o.a.j.t.JMeterThread: Thread started: conf #3 users 3-4
2021-10-06 06:15:13,047 INFO o.a.j.t.JMeterThread: Thread started: conf #3 users 3-5
2021-10-06 06:15:13,048 INFO o.a.j.t.JMeterThread: Thread started: conf #3 users 3-7
2021-10-06 06:15:13,048 INFO o.a.j.t.JMeterThread: Thread started: conf #3 users 3-6
2021-10-06 06:15:13,049 INFO o.a.j.t.JMeterThread: Thread started: conf #3 users 3-8
2021-10-06 06:15:13,051 INFO o.a.j.t.ThreadGroup: Started thread group number 3
2021-10-06 06:15:13,051 INFO o.a.j.e.StandardJMeterEngine: All thread groups have been started
2021-10-06 06:15:13,051 INFO o.a.j.t.JMeterThread: Thread started: conf #3 users 3-9
2021-10-06 06:15:13,051 INFO o.a.j.t.JMeterThread: Thread started: conf #3 users 3-11
2021-10-06 06:15:13,052 INFO o.a.j.t.JMeterThread: Thread started: conf #3 users 3-12
2021-10-06 06:15:13,050 INFO o.a.j.t.JMeterThread: Thread started: conf #3 users 3-10
2021-10-06 06:15:14,247 INFO o.a.j.t.JMeterThread: Thread is done: conf #3 users 3-8
2021-10-06 06:15:14,247 INFO o.a.j.t.JMeterThread: Thread finished: conf #3 users 3-8
2021-10-06 06:15:14,249 INFO o.a.j.t.JMeterThread: Thread is done: conf #3 users 3-12
2021-10-06 06:15:14,249 INFO o.a.j.t.JMeterThread: Thread finished: conf #3 users 3-12
2021-10-06 06:15:14,250 INFO o.a.j.t.JMeterThread: Thread is done: conf #3 users 3-10
2021-10-06 06:15:14,251 INFO o.a.j.t.JMeterThread: Thread finished: conf #3 users 3-10
2021-10-06 06:15:14,255 INFO o.a.j.t.JMeterThread: Thread is done: conf #3 users 3-3
2021-10-06 06:15:14,255 INFO o.a.j.t.JMeterThread: Thread finished: conf #3 users 3-3
2021-10-06 06:15:14,256 INFO o.a.j.t.JMeterThread: Thread is done: conf #3 users 3-5
2021-10-06 06:15:14,256 INFO o.a.j.t.JMeterThread: Thread is done: conf #3 users 3-9
2021-10-06 06:15:14,256 INFO o.a.j.t.JMeterThread: Thread is done: conf #3 users 3-1
2021-10-06 06:15:14,256 INFO o.a.j.t.JMeterThread: Thread finished: conf #3 users 3-5
2021-10-06 06:15:14,256 INFO o.a.j.t.JMeterThread: Thread finished: conf #3 users 3-1
2021-10-06 06:15:14,256 INFO o.a.j.t.JMeterThread: Thread finished: conf #3 users 3-9
2021-10-06 06:15:14,257 INFO o.a.j.t.JMeterThread: Thread is done: conf #3 users 3-11
2021-10-06 06:15:14,257 INFO o.a.j.t.JMeterThread: Thread is done: conf #3 users 3-2
2021-10-06 06:15:14,257 INFO o.a.j.t.JMeterThread: Thread is done: conf #3 users 3-6
2021-10-06 06:15:14,257 INFO o.a.j.t.JMeterThread: Thread finished: conf #3 users 3-6
2021-10-06 06:15:14,257 INFO o.a.j.t.JMeterThread: Thread finished: conf #3 users 3-11
2021-10-06 06:15:14,257 INFO o.a.j.t.JMeterThread: Thread finished: conf #3 users 3-2
2021-10-06 06:15:14,257 INFO o.a.j.t.JMeterThread: Thread is done: conf #3 users 3-7
2021-10-06 06:15:14,258 INFO o.a.j.t.JMeterThread: Thread finished: conf #3 users 3-7
2021-10-06 06:15:14,263 INFO o.a.j.t.JMeterThread: Thread is done: conf #3 users 3-4
2021-10-06 06:15:14,263 INFO o.a.j.t.JMeterThread: Thread finished: conf #3 users 3-4
2021-10-06 06:15:15,364 INFO o.a.j.t.JMeterThread: Thread is done: conf #2 users 2-7
2021-10-06 06:15:15,364 INFO o.a.j.t.JMeterThread: Thread finished: conf #2 users 2-7
2021-10-06 06:15:15,365 INFO o.a.j.t.JMeterThread: Thread is done: conf #2 users 2-9
2021-10-06 06:15:15,366 INFO o.a.j.t.JMeterThread: Thread finished: conf #2 users 2-9
2021-10-06 06:15:15,368 INFO o.a.j.t.JMeterThread: Thread is done: conf #2 users 2-2
2021-10-06 06:15:15,368 INFO o.a.j.t.JMeterThread: Thread finished: conf #2 users 2-2
2021-10-06 06:15:15,370 INFO o.a.j.t.JMeterThread: Thread is done: conf #2 users 2-5
2021-10-06 06:15:15,370 INFO o.a.j.t.JMeterThread: Thread finished: conf #2 users 2-5
2021-10-06 06:15:15,372 INFO o.a.j.t.JMeterThread: Thread is done: conf #2 users 2-12
2021-10-06 06:15:15,372 INFO o.a.j.t.JMeterThread: Thread finished: conf #2 users 2-12
2021-10-06 06:15:15,374 INFO o.a.j.t.JMeterThread: Thread is done: conf #2 users 2-10
2021-10-06 06:15:15,374 INFO o.a.j.t.JMeterThread: Thread is done: conf #2 users 2-4
2021-10-06 06:15:15,374 INFO o.a.j.t.JMeterThread: Thread finished: conf #2 users 2-10
2021-10-06 06:15:15,374 INFO o.a.j.t.JMeterThread: Thread finished: conf #2 users 2-4
2021-10-06 06:15:15,379 INFO o.a.j.t.JMeterThread: Thread is done: conf #2 users 2-3
2021-10-06 06:15:15,379 INFO o.a.j.t.JMeterThread: Thread is done: conf #2 users 2-1
2021-10-06 06:15:15,379 INFO o.a.j.t.JMeterThread: Thread finished: conf #2 users 2-3
2021-10-06 06:15:15,379 INFO o.a.j.t.JMeterThread: Thread finished: conf #2 users 2-1
2021-10-06 06:15:15,383 INFO o.a.j.t.JMeterThread: Thread is done: conf #2 users 2-8
2021-10-06 06:15:15,383 INFO o.a.j.t.JMeterThread: Thread finished: conf #2 users 2-8
2021-10-06 06:15:15,393 INFO o.a.j.t.JMeterThread: Thread is done: conf #2 users 2-6
2021-10-06 06:15:15,393 INFO o.a.j.t.JMeterThread: Thread finished: conf #2 users 2-6
2021-10-06 06:15:15,395 INFO o.a.j.t.JMeterThread: Thread is done: conf #2 users 2-11
2021-10-06 06:15:15,395 INFO o.a.j.t.JMeterThread: Thread finished: conf #2 users 2-11
2021-10-06 06:15:15,488 INFO o.a.j.t.JMeterThread: Thread is done: conf #1 users 1-2
2021-10-06 06:15:15,488 INFO o.a.j.t.JMeterThread: Thread finished: conf #1 users 1-2
2021-10-06 06:15:15,493 INFO o.a.j.t.JMeterThread: Thread is done: conf #1 users 1-3
2021-10-06 06:15:15,493 INFO o.a.j.t.JMeterThread: Thread finished: conf #1 users 1-3
2021-10-06 06:15:15,496 INFO o.a.j.t.JMeterThread: Thread is done: conf #1 users 1-4
2021-10-06 06:15:15,496 INFO o.a.j.t.JMeterThread: Thread finished: conf #1 users 1-4
2021-10-06 06:15:15,499 INFO o.a.j.t.JMeterThread: Thread is done: conf #1 users 1-5
2021-10-06 06:15:15,499 INFO o.a.j.t.JMeterThread: Thread finished: conf #1 users 1-5
2021-10-06 06:15:15,502 INFO o.a.j.t.JMeterThread: Thread is done: conf #1 users 1-6
2021-10-06 06:15:15,503 INFO o.a.j.t.JMeterThread: Thread finished: conf #1 users 1-6
2021-10-06 06:15:15,523 INFO o.a.j.t.JMeterThread: Thread is done: conf #1 users 1-1
2021-10-06 06:15:15,523 INFO o.a.j.t.JMeterThread: Thread finished: conf #1 users 1-1
2021-10-06 06:15:15,523 INFO o.a.j.e.StandardJMeterEngine: Notifying test listeners of end of test
2021-10-06 06:15:15,524 INFO o.a.j.g.u.JMeterMenuBar: setRunning(false, *local*)
2021-10-06 06:18:51,319 INFO o.a.j.e.StandardJMeterEngine: Running the test!
2021-10-06 06:18:51,320 INFO o.a.j.s.SampleEvent: List of sample_variables: []
2021-10-06 06:18:51,326 INFO o.a.j.g.u.JMeterMenuBar: setRunning(true, *local*)
2021-10-06 06:18:51,384 INFO o.a.j.e.StandardJMeterEngine: Starting ThreadGroup: 1 : conf #1 users
2021-10-06 06:18:51,384 INFO o.a.j.e.StandardJMeterEngine: Starting 6 threads for group conf #1 users.
2021-10-06 06:18:51,384 INFO o.a.j.e.StandardJMeterEngine: Thread will continue on error
2021-10-06 06:18:51,385 INFO o.a.j.t.ThreadGroup: Starting thread group... number=1 threads=6 ramp-up=0 delayedStart=false
2021-10-06 06:18:51,386 INFO o.a.j.t.JMeterThread: Thread started: conf #1 users 1-1
2021-10-06 06:18:51,386 INFO o.a.j.t.JMeterThread: Thread started: conf #1 users 1-2
2021-10-06 06:18:51,387 INFO o.a.j.t.JMeterThread: Thread started: conf #1 users 1-3
2021-10-06 06:18:51,390 INFO o.a.j.t.JMeterThread: Thread started: conf #1 users 1-4
2021-10-06 06:18:51,390 INFO o.a.j.t.JMeterThread: Thread started: conf #1 users 1-5
2021-10-06 06:18:51,392 INFO o.a.j.t.ThreadGroup: Started thread group number 1
2021-10-06 06:18:51,392 INFO o.a.j.e.StandardJMeterEngine: Starting ThreadGroup: 2 : conf #2 users
2021-10-06 06:18:51,392 INFO o.a.j.e.StandardJMeterEngine: Starting 12 threads for group conf #2 users.
2021-10-06 06:18:51,392 INFO o.a.j.e.StandardJMeterEngine: Thread will continue on error
2021-10-06 06:18:51,392 INFO o.a.j.t.ThreadGroup: Starting thread group... number=2 threads=12 ramp-up=0 delayedStart=false
2021-10-06 06:18:51,394 INFO o.a.j.t.JMeterThread: Thread started: conf #2 users 2-1
2021-10-06 06:18:51,395 INFO o.a.j.t.JMeterThread: Thread started: conf #2 users 2-2
2021-10-06 06:18:51,397 INFO o.a.j.t.JMeterThread: Thread started: conf #2 users 2-3
2021-10-06 06:18:51,397 INFO o.a.j.t.JMeterThread: Thread started: conf #1 users 1-6
2021-10-06 06:18:51,397 INFO o.a.j.t.JMeterThread: Thread started: conf #2 users 2-4
2021-10-06 06:18:51,398 INFO o.a.j.t.JMeterThread: Thread started: conf #2 users 2-5
2021-10-06 06:18:51,405 INFO o.a.j.t.JMeterThread: Thread started: conf #2 users 2-6
2021-10-06 06:18:51,405 INFO o.a.j.t.JMeterThread: Thread started: conf #2 users 2-7
2021-10-06 06:18:51,406 INFO o.a.j.t.JMeterThread: Thread started: conf #2 users 2-8
2021-10-06 06:18:51,407 INFO o.a.j.t.JMeterThread: Thread started: conf #2 users 2-9
2021-10-06 06:18:51,409 INFO o.a.j.t.JMeterThread: Thread started: conf #2 users 2-10
2021-10-06 06:18:51,410 INFO o.a.j.t.JMeterThread: Thread started: conf #2 users 2-11
2021-10-06 06:18:51,411 INFO o.a.j.t.ThreadGroup: Started thread group number 2
2021-10-06 06:18:51,411 INFO o.a.j.e.StandardJMeterEngine: Starting ThreadGroup: 3 : conf #3 users
2021-10-06 06:18:51,411 INFO o.a.j.e.StandardJMeterEngine: Starting 12 threads for group conf #3 users.
2021-10-06 06:18:51,411 INFO o.a.j.t.JMeterThread: Thread started: conf #2 users 2-12
2021-10-06 06:18:51,411 INFO o.a.j.e.StandardJMeterEngine: Thread will continue on error
2021-10-06 06:18:51,411 INFO o.a.j.t.ThreadGroup: Starting thread group... number=3 threads=12 ramp-up=0 delayedStart=false
2021-10-06 06:18:51,412 INFO o.a.j.t.JMeterThread: Thread started: conf #3 users 3-1
2021-10-06 06:18:51,413 INFO o.a.j.t.JMeterThread: Thread started: conf #3 users 3-2
2021-10-06 06:18:51,413 INFO o.a.j.t.JMeterThread: Thread started: conf #3 users 3-3
2021-10-06 06:18:51,414 INFO o.a.j.t.JMeterThread: Thread started: conf #3 users 3-4
2021-10-06 06:18:51,415 INFO o.a.j.t.JMeterThread: Thread started: conf #3 users 3-5
2021-10-06 06:18:51,416 INFO o.a.j.t.JMeterThread: Thread started: conf #3 users 3-6
2021-10-06 06:18:51,419 INFO o.a.j.t.JMeterThread: Thread started: conf #3 users 3-8
2021-10-06 06:18:51,418 INFO o.a.j.t.JMeterThread: Thread started: conf #3 users 3-7
2021-10-06 06:18:51,420 INFO o.a.j.t.JMeterThread: Thread started: conf #3 users 3-9
2021-10-06 06:18:51,421 INFO o.a.j.t.JMeterThread: Thread started: conf #3 users 3-10
2021-10-06 06:18:51,422 INFO o.a.j.t.JMeterThread: Thread started: conf #3 users 3-11
2021-10-06 06:18:51,423 INFO o.a.j.t.ThreadGroup: Started thread group number 3
2021-10-06 06:18:51,424 INFO o.a.j.e.StandardJMeterEngine: All thread groups have been started
2021-10-06 06:18:51,424 INFO o.a.j.t.JMeterThread: Thread started: conf #3 users 3-12
2021-10-06 06:19:00,962 INFO o.a.j.t.JMeterThread: Thread is done: conf #3 users 3-5
2021-10-06 06:19:00,962 INFO o.a.j.t.JMeterThread: Thread is done: conf #3 users 3-1
2021-10-06 06:19:00,962 INFO o.a.j.t.JMeterThread: Thread is done: conf #3 users 3-4
2021-10-06 06:19:00,962 INFO o.a.j.t.JMeterThread: Thread finished: conf #3 users 3-5
2021-10-06 06:19:00,962 INFO o.a.j.t.JMeterThread: Thread finished: conf #3 users 3-4
2021-10-06 06:19:00,964 INFO o.a.j.t.JMeterThread: Thread is done: conf #3 users 3-7
2021-10-06 06:19:00,964 INFO o.a.j.t.JMeterThread: Thread is done: conf #3 users 3-6
2021-10-06 06:19:00,964 INFO o.a.j.t.JMeterThread: Thread finished: conf #3 users 3-7
2021-10-06 06:19:00,964 INFO o.a.j.t.JMeterThread: Thread finished: conf #3 users 3-6
2021-10-06 06:19:00,962 INFO o.a.j.t.JMeterThread: Thread is done: conf #3 users 3-3
2021-10-06 06:19:00,962 INFO o.a.j.t.JMeterThread: Thread is done: conf #3 users 3-2
2021-10-06 06:19:00,965 INFO o.a.j.t.JMeterThread: Thread finished: conf #3 users 3-2
2021-10-06 06:19:00,965 INFO o.a.j.t.JMeterThread: Thread finished: conf #3 users 3-3
2021-10-06 06:19:00,964 INFO o.a.j.t.JMeterThread: Thread finished: conf #3 users 3-1
2021-10-06 06:19:00,964 INFO o.a.j.t.JMeterThread: Thread is done: conf #3 users 3-10
2021-10-06 06:19:00,964 INFO o.a.j.t.JMeterThread: Thread is done: conf #3 users 3-9
2021-10-06 06:19:00,966 INFO o.a.j.t.JMeterThread: Thread is done: conf #3 users 3-8
2021-10-06 06:19:00,966 INFO o.a.j.t.JMeterThread: Thread finished: conf #3 users 3-9
2021-10-06 06:19:00,966 INFO o.a.j.t.JMeterThread: Thread finished: conf #3 users 3-10
2021-10-06 06:19:00,966 INFO o.a.j.t.JMeterThread: Thread is done: conf #3 users 3-11
2021-10-06 06:19:00,967 INFO o.a.j.t.JMeterThread: Thread is done: conf #3 users 3-12
2021-10-06 06:19:00,968 INFO o.a.j.t.JMeterThread: Thread finished: conf #3 users 3-11
2021-10-06 06:19:00,967 INFO o.a.j.t.JMeterThread: Thread is done: conf #2 users 2-1
2021-10-06 06:19:00,968 INFO o.a.j.t.JMeterThread: Thread finished: conf #3 users 3-12
2021-10-06 06:19:00,966 INFO o.a.j.t.JMeterThread: Thread finished: conf #3 users 3-8
2021-10-06 06:19:00,968 INFO o.a.j.t.JMeterThread: Thread is done: conf #2 users 2-11
2021-10-06 06:19:00,969 INFO o.a.j.t.JMeterThread: Thread finished: conf #2 users 2-11
2021-10-06 06:19:00,968 INFO o.a.j.t.JMeterThread: Thread finished: conf #2 users 2-1
2021-10-06 06:19:00,968 INFO o.a.j.t.JMeterThread: Thread is done: conf #2 users 2-5
2021-10-06 06:19:00,971 INFO o.a.j.t.JMeterThread: Thread is done: conf #2 users 2-4
2021-10-06 06:19:00,971 INFO o.a.j.t.JMeterThread: Thread is done: conf #2 users 2-3
2021-10-06 06:19:00,968 INFO o.a.j.t.JMeterThread: Thread is done: conf #2 users 2-9
2021-10-06 06:19:00,972 INFO o.a.j.t.JMeterThread: Thread is done: conf #2 users 2-7
2021-10-06 06:19:00,972 INFO o.a.j.t.JMeterThread: Thread finished: conf #2 users 2-4
2021-10-06 06:19:00,968 INFO o.a.j.t.JMeterThread: Thread is done: conf #2 users 2-2
2021-10-06 06:19:00,972 INFO o.a.j.t.JMeterThread: Thread finished: conf #2 users 2-7
2021-10-06 06:19:00,972 INFO o.a.j.t.JMeterThread: Thread finished: conf #2 users 2-2
2021-10-06 06:19:00,968 INFO o.a.j.t.JMeterThread: Thread is done: conf #2 users 2-10
2021-10-06 06:19:00,972 INFO o.a.j.t.JMeterThread: Thread finished: conf #2 users 2-10
2021-10-06 06:19:00,973 INFO o.a.j.t.JMeterThread: Thread is done: conf #2 users 2-12
2021-10-06 06:19:00,974 INFO o.a.j.t.JMeterThread: Thread finished: conf #2 users 2-12
2021-10-06 06:19:00,974 INFO o.a.j.t.JMeterThread: Thread is done: conf #2 users 2-8
2021-10-06 06:19:00,974 INFO o.a.j.t.JMeterThread: Thread is done: conf #2 users 2-6
2021-10-06 06:19:00,974 INFO o.a.j.t.JMeterThread: Thread finished: conf #2 users 2-8
2021-10-06 06:19:00,971 INFO o.a.j.t.JMeterThread: Thread finished: conf #2 users 2-5
2021-10-06 06:19:00,974 INFO o.a.j.t.JMeterThread: Thread finished: conf #2 users 2-9
2021-10-06 06:19:00,974 INFO o.a.j.t.JMeterThread: Thread finished: conf #2 users 2-3
2021-10-06 06:19:00,974 INFO o.a.j.t.JMeterThread: Thread finished: conf #2 users 2-6
2021-10-06 06:19:00,981 INFO o.a.j.t.JMeterThread: Thread is done: conf #1 users 1-1
2021-10-06 06:19:00,982 INFO o.a.j.t.JMeterThread: Thread finished: conf #1 users 1-1
2021-10-06 06:19:00,986 INFO o.a.j.t.JMeterThread: Thread is done: conf #1 users 1-4
2021-10-06 06:19:00,986 INFO o.a.j.t.JMeterThread: Thread finished: conf #1 users 1-4
2021-10-06 06:19:00,988 INFO o.a.j.t.JMeterThread: Thread is done: conf #1 users 1-3
2021-10-06 06:19:00,988 INFO o.a.j.t.JMeterThread: Thread finished: conf #1 users 1-3
2021-10-06 06:19:00,989 INFO o.a.j.t.JMeterThread: Thread is done: conf #1 users 1-5
2021-10-06 06:19:00,990 INFO o.a.j.t.JMeterThread: Thread finished: conf #1 users 1-5
2021-10-06 06:19:00,995 INFO o.a.j.t.JMeterThread: Thread is done: conf #1 users 1-2
2021-10-06 06:19:00,995 INFO o.a.j.t.JMeterThread: Thread finished: conf #1 users 1-2
2021-10-06 06:19:01,012 INFO o.a.j.t.JMeterThread: Thread is done: conf #1 users 1-6
2021-10-06 06:19:01,012 INFO o.a.j.t.JMeterThread: Thread finished: conf #1 users 1-6
2021-10-06 06:19:01,013 INFO o.a.j.e.StandardJMeterEngine: Notifying test listeners of end of test
2021-10-06 06:19:01,013 INFO o.a.j.g.u.JMeterMenuBar: setRunning(false, *local*)
2021-10-06 06:19:06,615 INFO o.a.j.e.StandardJMeterEngine: Running the test!
2021-10-06 06:19:06,618 INFO o.a.j.s.SampleEvent: List of sample_variables: []
2021-10-06 06:19:06,620 INFO o.a.j.g.u.JMeterMenuBar: setRunning(true, *local*)
2021-10-06 06:19:06,668 INFO o.a.j.e.StandardJMeterEngine: Starting ThreadGroup: 1 : conf #1 users
2021-10-06 06:19:06,669 INFO o.a.j.e.StandardJMeterEngine: Starting 6 threads for group conf #1 users.
2021-10-06 06:19:06,669 INFO o.a.j.e.StandardJMeterEngine: Thread will continue on error
2021-10-06 06:19:06,669 INFO o.a.j.t.ThreadGroup: Starting thread group... number=1 threads=6 ramp-up=0 delayedStart=false
2021-10-06 06:19:06,670 INFO o.a.j.t.JMeterThread: Thread started: conf #1 users 1-1
2021-10-06 06:19:06,670 INFO o.a.j.t.JMeterThread: Thread started: conf #1 users 1-2
2021-10-06 06:19:06,671 INFO o.a.j.t.JMeterThread: Thread started: conf #1 users 1-3
2021-10-06 06:19:06,671 INFO o.a.j.t.JMeterThread: Thread started: conf #1 users 1-4
2021-10-06 06:19:06,673 INFO o.a.j.t.ThreadGroup: Started thread group number 1
2021-10-06 06:19:06,673 INFO o.a.j.e.StandardJMeterEngine: Starting ThreadGroup: 2 : conf #2 users
2021-10-06 06:19:06,674 INFO o.a.j.e.StandardJMeterEngine: Starting 12 threads for group conf #2 users.
2021-10-06 06:19:06,674 INFO o.a.j.e.StandardJMeterEngine: Thread will continue on error
2021-10-06 06:19:06,674 INFO o.a.j.t.ThreadGroup: Starting thread group... number=2 threads=12 ramp-up=0 delayedStart=false
2021-10-06 06:19:06,674 INFO o.a.j.t.JMeterThread: Thread started: conf #1 users 1-6
2021-10-06 06:19:06,675 INFO o.a.j.t.JMeterThread: Thread started: conf #1 users 1-5
2021-10-06 06:19:06,675 INFO o.a.j.t.JMeterThread: Thread started: conf #2 users 2-1
2021-10-06 06:19:06,675 INFO o.a.j.t.JMeterThread: Thread started: conf #2 users 2-2
2021-10-06 06:19:06,678 INFO o.a.j.t.JMeterThread: Thread started: conf #2 users 2-3
2021-10-06 06:19:06,678 INFO o.a.j.t.JMeterThread: Thread started: conf #2 users 2-4
2021-10-06 06:19:06,680 INFO o.a.j.t.JMeterThread: Thread started: conf #2 users 2-5
2021-10-06 06:19:06,682 INFO o.a.j.t.JMeterThread: Thread started: conf #2 users 2-6
2021-10-06 06:19:06,682 INFO o.a.j.t.JMeterThread: Thread started: conf #2 users 2-7
2021-10-06 06:19:06,684 INFO o.a.j.t.JMeterThread: Thread started: conf #2 users 2-8
2021-10-06 06:19:06,685 INFO o.a.j.t.JMeterThread: Thread started: conf #2 users 2-9
2021-10-06 06:19:06,686 INFO o.a.j.t.JMeterThread: Thread started: conf #2 users 2-10
2021-10-06 06:19:06,687 INFO o.a.j.t.ThreadGroup: Started thread group number 2
2021-10-06 06:19:06,687 INFO o.a.j.t.JMeterThread: Thread started: conf #2 users 2-11
2021-10-06 06:19:06,687 INFO o.a.j.e.StandardJMeterEngine: Starting ThreadGroup: 3 : conf #3 users
2021-10-06 06:19:06,687 INFO o.a.j.e.StandardJMeterEngine: Starting 12 threads for group conf #3 users.
2021-10-06 06:19:06,687 INFO o.a.j.e.StandardJMeterEngine: Thread will continue on error
2021-10-06 06:19:06,688 INFO o.a.j.t.ThreadGroup: Starting thread group... number=3 threads=12 ramp-up=0 delayedStart=false
2021-10-06 06:19:06,689 INFO o.a.j.t.JMeterThread: Thread started: conf #2 users 2-12
2021-10-06 06:19:06,689 INFO o.a.j.t.JMeterThread: Thread started: conf #3 users 3-1
2021-10-06 06:19:06,690 INFO o.a.j.t.JMeterThread: Thread started: conf #3 users 3-2
2021-10-06 06:19:06,692 INFO o.a.j.t.JMeterThread: Thread started: conf #3 users 3-3
2021-10-06 06:19:06,692 INFO o.a.j.t.JMeterThread: Thread started: conf #3 users 3-4
2021-10-06 06:19:06,694 INFO o.a.j.t.JMeterThread: Thread started: conf #3 users 3-5
2021-10-06 06:19:06,703 INFO o.a.j.t.JMeterThread: Thread started: conf #3 users 3-6
2021-10-06 06:19:06,705 INFO o.a.j.t.JMeterThread: Thread started: conf #3 users 3-7
2021-10-06 06:19:06,705 INFO o.a.j.t.JMeterThread: Thread started: conf #3 users 3-8
2021-10-06 06:19:06,707 INFO o.a.j.t.JMeterThread: Thread started: conf #3 users 3-9
2021-10-06 06:19:06,707 INFO o.a.j.t.JMeterThread: Thread started: conf #3 users 3-10
2021-10-06 06:19:06,710 INFO o.a.j.t.JMeterThread: Thread started: conf #3 users 3-11
2021-10-06 06:19:06,711 INFO o.a.j.t.ThreadGroup: Started thread group number 3
2021-10-06 06:19:06,711 INFO o.a.j.e.StandardJMeterEngine: All thread groups have been started
2021-10-06 06:19:06,711 INFO o.a.j.t.JMeterThread: Thread started: conf #3 users 3-12
2021-10-06 06:19:16,221 INFO o.a.j.t.JMeterThread: Thread is done: conf #2 users 2-1
2021-10-06 06:19:16,221 INFO o.a.j.t.JMeterThread: Thread is done: conf #2 users 2-2
2021-10-06 06:19:16,221 INFO o.a.j.t.JMeterThread: Thread finished: conf #2 users 2-2
2021-10-06 06:19:16,221 INFO o.a.j.t.JMeterThread: Thread is done: conf #3 users 3-1
2021-10-06 06:19:16,221 INFO o.a.j.t.JMeterThread: Thread is done: conf #3 users 3-2
2021-10-06 06:19:16,221 INFO o.a.j.t.JMeterThread: Thread is done: conf #3 users 3-6
2021-10-06 06:19:16,222 INFO o.a.j.t.JMeterThread: Thread finished: conf #3 users 3-1
2021-10-06 06:19:16,222 INFO o.a.j.t.JMeterThread: Thread finished: conf #2 users 2-1
2021-10-06 06:19:16,222 INFO o.a.j.t.JMeterThread: Thread finished: conf #3 users 3-6
2021-10-06 06:19:16,222 INFO o.a.j.t.JMeterThread: Thread is done: conf #3 users 3-7
2021-10-06 06:19:16,222 INFO o.a.j.t.JMeterThread: Thread finished: conf #3 users 3-2
2021-10-06 06:19:16,222 INFO o.a.j.t.JMeterThread: Thread finished: conf #3 users 3-7
2021-10-06 06:19:16,222 INFO o.a.j.t.JMeterThread: Thread is done: conf #2 users 2-5
2021-10-06 06:19:16,223 INFO o.a.j.t.JMeterThread: Thread finished: conf #2 users 2-5
2021-10-06 06:19:16,223 INFO o.a.j.t.JMeterThread: Thread is done: conf #3 users 3-4
2021-10-06 06:19:16,223 INFO o.a.j.t.JMeterThread: Thread finished: conf #3 users 3-4
2021-10-06 06:19:16,223 INFO o.a.j.t.JMeterThread: Thread is done: conf #2 users 2-6
2021-10-06 06:19:16,223 INFO o.a.j.t.JMeterThread: Thread finished: conf #2 users 2-6
2021-10-06 06:19:16,223 INFO o.a.j.t.JMeterThread: Thread is done: conf #3 users 3-10
2021-10-06 06:19:16,223 INFO o.a.j.t.JMeterThread: Thread is done: conf #3 users 3-11
2021-10-06 06:19:16,223 INFO o.a.j.t.JMeterThread: Thread is done: conf #3 users 3-12
2021-10-06 06:19:16,224 INFO o.a.j.t.JMeterThread: Thread finished: conf #3 users 3-12
2021-10-06 06:19:16,224 INFO o.a.j.t.JMeterThread: Thread finished: conf #3 users 3-10
2021-10-06 06:19:16,223 INFO o.a.j.t.JMeterThread: Thread is done: conf #3 users 3-8
2021-10-06 06:19:16,224 INFO o.a.j.t.JMeterThread: Thread finished: conf #3 users 3-8
2021-10-06 06:19:16,224 INFO o.a.j.t.JMeterThread: Thread finished: conf #3 users 3-11
2021-10-06 06:19:16,224 INFO o.a.j.t.JMeterThread: Thread is done: conf #3 users 3-5
2021-10-06 06:19:16,228 INFO o.a.j.t.JMeterThread: Thread is done: conf #2 users 2-3
2021-10-06 06:19:16,228 INFO o.a.j.t.JMeterThread: Thread finished: conf #3 users 3-5
2021-10-06 06:19:16,228 INFO o.a.j.t.JMeterThread: Thread is done: conf #2 users 2-7
2021-10-06 06:19:16,228 INFO o.a.j.t.JMeterThread: Thread finished: conf #2 users 2-7
2021-10-06 06:19:16,224 INFO o.a.j.t.JMeterThread: Thread is done: conf #2 users 2-12
2021-10-06 06:19:16,228 INFO o.a.j.t.JMeterThread: Thread is done: conf #2 users 2-10
2021-10-06 06:19:16,230 INFO o.a.j.t.JMeterThread: Thread is done: conf #3 users 3-3
2021-10-06 06:19:16,230 INFO o.a.j.t.JMeterThread: Thread finished: conf #2 users 2-10
2021-10-06 06:19:16,230 INFO o.a.j.t.JMeterThread: Thread finished: conf #3 users 3-3
2021-10-06 06:19:16,228 INFO o.a.j.t.JMeterThread: Thread is done: conf #2 users 2-8
2021-10-06 06:19:16,230 INFO o.a.j.t.JMeterThread: Thread finished: conf #2 users 2-8
2021-10-06 06:19:16,230 INFO o.a.j.t.JMeterThread: Thread finished: conf #2 users 2-3
2021-10-06 06:19:16,230 INFO o.a.j.t.JMeterThread: Thread is done: conf #2 users 2-11
2021-10-06 06:19:16,231 INFO o.a.j.t.JMeterThread: Thread finished: conf #2 users 2-11
2021-10-06 06:19:16,230 INFO o.a.j.t.JMeterThread: Thread is done: conf #2 users 2-4
2021-10-06 06:19:16,230 INFO o.a.j.t.JMeterThread: Thread is done: conf #3 users 3-9
2021-10-06 06:19:16,229 INFO o.a.j.t.JMeterThread: Thread is done: conf #2 users 2-9
2021-10-06 06:19:16,232 INFO o.a.j.t.JMeterThread: Thread finished: conf #3 users 3-9
2021-10-06 06:19:16,232 INFO o.a.j.t.JMeterThread: Thread finished: conf #2 users 2-4
2021-10-06 06:19:16,232 INFO o.a.j.t.JMeterThread: Thread finished: conf #2 users 2-9
2021-10-06 06:19:16,232 INFO o.a.j.t.JMeterThread: Thread finished: conf #2 users 2-12
2021-10-06 06:19:16,267 INFO o.a.j.t.JMeterThread: Thread is done: conf #1 users 1-3
2021-10-06 06:19:16,267 INFO o.a.j.t.JMeterThread: Thread is done: conf #1 users 1-2
2021-10-06 06:19:16,267 INFO o.a.j.t.JMeterThread: Thread is done: conf #1 users 1-4
2021-10-06 06:19:16,267 INFO o.a.j.t.JMeterThread: Thread finished: conf #1 users 1-3
2021-10-06 06:19:16,267 INFO o.a.j.t.JMeterThread: Thread finished: conf #1 users 1-2
2021-10-06 06:19:16,267 INFO o.a.j.t.JMeterThread: Thread finished: conf #1 users 1-4
2021-10-06 06:19:16,268 INFO o.a.j.t.JMeterThread: Thread is done: conf #1 users 1-1
2021-10-06 06:19:16,268 INFO o.a.j.t.JMeterThread: Thread finished: conf #1 users 1-1
2021-10-06 06:19:16,273 INFO o.a.j.t.JMeterThread: Thread is done: conf #1 users 1-6
2021-10-06 06:19:16,273 INFO o.a.j.t.JMeterThread: Thread finished: conf #1 users 1-6
2021-10-06 06:19:16,282 INFO o.a.j.t.JMeterThread: Thread is done: conf #1 users 1-5
2021-10-06 06:19:16,282 INFO o.a.j.t.JMeterThread: Thread finished: conf #1 users 1-5
2021-10-06 06:19:16,282 INFO o.a.j.e.StandardJMeterEngine: Notifying test listeners of end of test
2021-10-06 06:19:16,282 INFO o.a.j.g.u.JMeterMenuBar: setRunning(false, *local*)
2021-10-06 06:24:37,615 INFO o.a.j.e.StandardJMeterEngine: Running the test!
2021-10-06 06:24:37,615 INFO o.a.j.s.SampleEvent: List of sample_variables: []
2021-10-06 06:24:37,617 INFO o.a.j.g.u.JMeterMenuBar: setRunning(true, *local*)
2021-10-06 06:24:37,674 INFO o.a.j.e.StandardJMeterEngine: Starting ThreadGroup: 1 : conf #1 users
2021-10-06 06:24:37,674 INFO o.a.j.e.StandardJMeterEngine: Starting 6 threads for group conf #1 users.
2021-10-06 06:24:37,674 INFO o.a.j.e.StandardJMeterEngine: Thread will continue on error
2021-10-06 06:24:37,675 INFO o.a.j.t.ThreadGroup: Starting thread group... number=1 threads=6 ramp-up=0 delayedStart=false
2021-10-06 06:24:37,680 INFO o.a.j.t.JMeterThread: Thread started: conf #1 users 1-1
2021-10-06 06:24:37,681 INFO o.a.j.t.JMeterThread: Thread started: conf #1 users 1-2
2021-10-06 06:24:37,684 INFO o.a.j.t.JMeterThread: Thread started: conf #1 users 1-3
2021-10-06 06:24:37,685 INFO o.a.j.t.JMeterThread: Thread started: conf #1 users 1-4
2021-10-06 06:24:37,686 INFO o.a.j.t.JMeterThread: Thread started: conf #1 users 1-5
2021-10-06 06:24:37,687 INFO o.a.j.t.ThreadGroup: Started thread group number 1
2021-10-06 06:24:37,687 INFO o.a.j.e.StandardJMeterEngine: Starting ThreadGroup: 2 : conf #2 users
2021-10-06 06:24:37,687 INFO o.a.j.e.StandardJMeterEngine: Starting 12 threads for group conf #2 users.
2021-10-06 06:24:37,687 INFO o.a.j.e.StandardJMeterEngine: Thread will continue on error
2021-10-06 06:24:37,687 INFO o.a.j.t.ThreadGroup: Starting thread group... number=2 threads=12 ramp-up=0 delayedStart=false
2021-10-06 06:24:37,687 INFO o.a.j.t.JMeterThread: Thread started: conf #1 users 1-6
2021-10-06 06:24:37,688 INFO o.a.j.t.JMeterThread: Thread started: conf #2 users 2-1
2021-10-06 06:24:37,689 INFO o.a.j.t.JMeterThread: Thread started: conf #2 users 2-2
2021-10-06 06:24:37,690 INFO o.a.j.t.JMeterThread: Thread started: conf #2 users 2-4
2021-10-06 06:24:37,690 INFO o.a.j.t.JMeterThread: Thread started: conf #2 users 2-3
2021-10-06 06:24:37,691 INFO o.a.j.t.JMeterThread: Thread started: conf #2 users 2-5
2021-10-06 06:24:37,692 INFO o.a.j.t.JMeterThread: Thread started: conf #2 users 2-6
2021-10-06 06:24:37,695 INFO o.a.j.t.JMeterThread: Thread started: conf #2 users 2-7
2021-10-06 06:24:37,696 INFO o.a.j.t.JMeterThread: Thread started: conf #2 users 2-9
2021-10-06 06:24:37,696 INFO o.a.j.t.JMeterThread: Thread started: conf #2 users 2-8
2021-10-06 06:24:37,698 INFO o.a.j.t.JMeterThread: Thread started: conf #2 users 2-10
2021-10-06 06:24:37,698 INFO o.a.j.t.JMeterThread: Thread started: conf #2 users 2-11
2021-10-06 06:24:37,699 INFO o.a.j.t.ThreadGroup: Started thread group number 2
2021-10-06 06:24:37,699 INFO o.a.j.e.StandardJMeterEngine: Starting ThreadGroup: 3 : conf #3 users
2021-10-06 06:24:37,699 INFO o.a.j.e.StandardJMeterEngine: Starting 12 threads for group conf #3 users.
2021-10-06 06:24:37,700 INFO o.a.j.e.StandardJMeterEngine: Thread will continue on error
2021-10-06 06:24:37,700 INFO o.a.j.t.ThreadGroup: Starting thread group... number=3 threads=12 ramp-up=0 delayedStart=false
2021-10-06 06:24:37,700 INFO o.a.j.t.JMeterThread: Thread started: conf #2 users 2-12
2021-10-06 06:24:37,702 INFO o.a.j.t.JMeterThread: Thread started: conf #3 users 3-1
2021-10-06 06:24:37,703 INFO o.a.j.t.JMeterThread: Thread started: conf #3 users 3-2
2021-10-06 06:24:37,704 INFO o.a.j.t.JMeterThread: Thread started: conf #3 users 3-3
2021-10-06 06:24:37,710 INFO o.a.j.t.JMeterThread: Thread started: conf #3 users 3-4
2021-10-06 06:24:37,711 INFO o.a.j.t.JMeterThread: Thread started: conf #3 users 3-6
2021-10-06 06:24:37,711 INFO o.a.j.t.JMeterThread: Thread started: conf #3 users 3-5
2021-10-06 06:24:37,712 INFO o.a.j.t.JMeterThread: Thread started: conf #3 users 3-7
2021-10-06 06:24:37,713 INFO o.a.j.t.JMeterThread: Thread started: conf #3 users 3-8
2021-10-06 06:24:37,714 INFO o.a.j.t.JMeterThread: Thread started: conf #3 users 3-9
2021-10-06 06:24:37,715 INFO o.a.j.t.JMeterThread: Thread started: conf #3 users 3-10
2021-10-06 06:24:37,716 INFO o.a.j.t.ThreadGroup: Started thread group number 3
2021-10-06 06:24:37,716 INFO o.a.j.t.JMeterThread: Thread started: conf #3 users 3-11
2021-10-06 06:24:37,716 INFO o.a.j.e.StandardJMeterEngine: All thread groups have been started
2021-10-06 06:24:37,716 INFO o.a.j.t.JMeterThread: Thread started: conf #3 users 3-12
2021-10-06 06:24:47,087 INFO o.a.j.t.JMeterThread: Thread is done: conf #3 users 3-2
2021-10-06 06:24:47,087 INFO o.a.j.t.JMeterThread: Thread is done: conf #3 users 3-1
2021-10-06 06:24:47,087 INFO o.a.j.t.JMeterThread: Thread is done: conf #3 users 3-5
2021-10-06 06:24:47,087 INFO o.a.j.t.JMeterThread: Thread is done: conf #3 users 3-9
2021-10-06 06:24:47,088 INFO o.a.j.t.JMeterThread: Thread finished: conf #3 users 3-1
2021-10-06 06:24:47,088 INFO o.a.j.t.JMeterThread: Thread finished: conf #3 users 3-9
2021-10-06 06:24:47,088 INFO o.a.j.t.JMeterThread: Thread finished: conf #3 users 3-5
2021-10-06 06:24:47,088 INFO o.a.j.t.JMeterThread: Thread is done: conf #3 users 3-11
2021-10-06 06:24:47,088 INFO o.a.j.t.JMeterThread: Thread is done: conf #3 users 3-8
2021-10-06 06:24:47,088 INFO o.a.j.t.JMeterThread: Thread finished: conf #3 users 3-8
2021-10-06 06:24:47,087 INFO o.a.j.t.JMeterThread: Thread is done: conf #3 users 3-4
2021-10-06 06:24:47,087 INFO o.a.j.t.JMeterThread: Thread is done: conf #3 users 3-3
2021-10-06 06:24:47,089 INFO o.a.j.t.JMeterThread: Thread finished: conf #3 users 3-4
2021-10-06 06:24:47,087 INFO o.a.j.t.JMeterThread: Thread is done: conf #3 users 3-7
2021-10-06 06:24:47,089 INFO o.a.j.t.JMeterThread: Thread is done: conf #3 users 3-10
2021-10-06 06:24:47,088 INFO o.a.j.t.JMeterThread: Thread finished: conf #3 users 3-11
2021-10-06 06:24:47,089 INFO o.a.j.t.JMeterThread: Thread finished: conf #3 users 3-7
2021-10-06 06:24:47,089 INFO o.a.j.t.JMeterThread: Thread finished: conf #3 users 3-10
2021-10-06 06:24:47,088 INFO o.a.j.t.JMeterThread: Thread is done: conf #3 users 3-12
2021-10-06 06:24:47,088 INFO o.a.j.t.JMeterThread: Thread is done: conf #3 users 3-6
2021-10-06 06:24:47,089 INFO o.a.j.t.JMeterThread: Thread finished: conf #3 users 3-3
2021-10-06 06:24:47,090 INFO o.a.j.t.JMeterThread: Thread finished: conf #3 users 3-12
2021-10-06 06:24:47,090 INFO o.a.j.t.JMeterThread: Thread finished: conf #3 users 3-6
2021-10-06 06:24:47,089 INFO o.a.j.t.JMeterThread: Thread finished: conf #3 users 3-2
2021-10-06 06:24:47,192 INFO o.a.j.t.JMeterThread: Thread is done: conf #2 users 2-2
2021-10-06 06:24:47,192 INFO o.a.j.t.JMeterThread: Thread finished: conf #2 users 2-2
2021-10-06 06:24:47,193 INFO o.a.j.t.JMeterThread: Thread is done: conf #2 users 2-1
2021-10-06 06:24:47,193 INFO o.a.j.t.JMeterThread: Thread finished: conf #2 users 2-1
2021-10-06 06:24:47,198 INFO o.a.j.t.JMeterThread: Thread is done: conf #2 users 2-5
2021-10-06 06:24:47,198 INFO o.a.j.t.JMeterThread: Thread finished: conf #2 users 2-5
2021-10-06 06:24:47,199 INFO o.a.j.t.JMeterThread: Thread is done: conf #2 users 2-4
2021-10-06 06:24:47,199 INFO o.a.j.t.JMeterThread: Thread finished: conf #2 users 2-4
2021-10-06 06:24:47,202 INFO o.a.j.t.JMeterThread: Thread is done: conf #2 users 2-3
2021-10-06 06:24:47,203 INFO o.a.j.t.JMeterThread: Thread finished: conf #2 users 2-3
2021-10-06 06:24:47,204 INFO o.a.j.t.JMeterThread: Thread is done: conf #2 users 2-6
2021-10-06 06:24:47,204 INFO o.a.j.t.JMeterThread: Thread finished: conf #2 users 2-6
2021-10-06 06:24:47,207 INFO o.a.j.t.JMeterThread: Thread is done: conf #2 users 2-7
2021-10-06 06:24:47,207 INFO o.a.j.t.JMeterThread: Thread finished: conf #2 users 2-7
2021-10-06 06:24:47,210 INFO o.a.j.t.JMeterThread: Thread is done: conf #2 users 2-8
2021-10-06 06:24:47,210 INFO o.a.j.t.JMeterThread: Thread finished: conf #2 users 2-8
2021-10-06 06:24:47,212 INFO o.a.j.t.JMeterThread: Thread is done: conf #2 users 2-9
2021-10-06 06:24:47,212 INFO o.a.j.t.JMeterThread: Thread finished: conf #2 users 2-9
2021-10-06 06:24:47,215 INFO o.a.j.t.JMeterThread: Thread is done: conf #2 users 2-11
2021-10-06 06:24:47,215 INFO o.a.j.t.JMeterThread: Thread finished: conf #2 users 2-11
2021-10-06 06:24:47,218 INFO o.a.j.t.JMeterThread: Thread is done: conf #2 users 2-10
2021-10-06 06:24:47,218 INFO o.a.j.t.JMeterThread: Thread finished: conf #2 users 2-10
2021-10-06 06:24:47,219 INFO o.a.j.t.JMeterThread: Thread is done: conf #2 users 2-12
2021-10-06 06:24:47,219 INFO o.a.j.t.JMeterThread: Thread finished: conf #2 users 2-12
2021-10-06 06:24:47,275 INFO o.a.j.t.JMeterThread: Thread is done: conf #1 users 1-1
2021-10-06 06:24:47,275 INFO o.a.j.t.JMeterThread: Thread finished: conf #1 users 1-1
2021-10-06 06:24:47,276 INFO o.a.j.t.JMeterThread: Thread is done: conf #1 users 1-2
2021-10-06 06:24:47,276 INFO o.a.j.t.JMeterThread: Thread finished: conf #1 users 1-2
2021-10-06 06:24:47,281 INFO o.a.j.t.JMeterThread: Thread is done: conf #1 users 1-3
2021-10-06 06:24:47,281 INFO o.a.j.t.JMeterThread: Thread finished: conf #1 users 1-3
2021-10-06 06:24:47,282 INFO o.a.j.t.JMeterThread: Thread is done: conf #1 users 1-4
2021-10-06 06:24:47,282 INFO o.a.j.t.JMeterThread: Thread finished: conf #1 users 1-4
2021-10-06 06:24:47,292 INFO o.a.j.t.JMeterThread: Thread is done: conf #1 users 1-5
2021-10-06 06:24:47,292 INFO o.a.j.t.JMeterThread: Thread is done: conf #1 users 1-6
2021-10-06 06:24:47,292 INFO o.a.j.t.JMeterThread: Thread finished: conf #1 users 1-5
2021-10-06 06:24:47,292 INFO o.a.j.t.JMeterThread: Thread finished: conf #1 users 1-6
2021-10-06 06:24:47,293 INFO o.a.j.e.StandardJMeterEngine: Notifying test listeners of end of test
2021-10-06 06:24:47,293 INFO o.a.j.g.u.JMeterMenuBar: setRunning(false, *local*)
2021-10-06 06:25:57,730 INFO o.a.j.e.StandardJMeterEngine: Running the test!
2021-10-06 06:25:57,730 INFO o.a.j.s.SampleEvent: List of sample_variables: []
2021-10-06 06:25:57,732 INFO o.a.j.g.u.JMeterMenuBar: setRunning(true, *local*)
2021-10-06 06:25:57,785 INFO o.a.j.e.StandardJMeterEngine: Starting ThreadGroup: 1 : conf #1 users
2021-10-06 06:25:57,785 INFO o.a.j.e.StandardJMeterEngine: Starting 6 threads for group conf #1 users.
2021-10-06 06:25:57,785 INFO o.a.j.e.StandardJMeterEngine: Thread will continue on error
2021-10-06 06:25:57,785 INFO o.a.j.t.ThreadGroup: Starting thread group... number=1 threads=6 ramp-up=0 delayedStart=false
2021-10-06 06:25:57,786 INFO o.a.j.t.JMeterThread: Thread started: conf #1 users 1-1
2021-10-06 06:25:57,787 INFO o.a.j.t.JMeterThread: Thread started: conf #1 users 1-2
2021-10-06 06:25:57,787 INFO o.a.j.t.JMeterThread: Thread started: conf #1 users 1-3
2021-10-06 06:25:57,787 INFO o.a.j.t.JMeterThread: Thread started: conf #1 users 1-4
2021-10-06 06:25:57,788 INFO o.a.j.t.JMeterThread: Thread started: conf #1 users 1-5
2021-10-06 06:25:57,788 INFO o.a.j.t.ThreadGroup: Started thread group number 1
2021-10-06 06:25:57,788 INFO o.a.j.e.StandardJMeterEngine: Starting ThreadGroup: 2 : conf #2 users
2021-10-06 06:25:57,788 INFO o.a.j.e.StandardJMeterEngine: Starting 12 threads for group conf #2 users.
2021-10-06 06:25:57,788 INFO o.a.j.e.StandardJMeterEngine: Thread will continue on error
2021-10-06 06:25:57,788 INFO o.a.j.t.ThreadGroup: Starting thread group... number=2 threads=12 ramp-up=0 delayedStart=false
2021-10-06 06:25:57,788 INFO o.a.j.t.JMeterThread: Thread started: conf #1 users 1-6
2021-10-06 06:25:57,789 INFO o.a.j.t.JMeterThread: Thread started: conf #2 users 2-1
2021-10-06 06:25:57,790 INFO o.a.j.t.JMeterThread: Thread started: conf #2 users 2-2
2021-10-06 06:25:57,792 INFO o.a.j.t.JMeterThread: Thread started: conf #2 users 2-3
2021-10-06 06:25:57,792 INFO o.a.j.t.JMeterThread: Thread started: conf #2 users 2-4
2021-10-06 06:25:57,793 INFO o.a.j.t.JMeterThread: Thread started: conf #2 users 2-5
2021-10-06 06:25:57,794 INFO o.a.j.t.JMeterThread: Thread started: conf #2 users 2-6
2021-10-06 06:25:57,795 INFO o.a.j.t.JMeterThread: Thread started: conf #2 users 2-7
2021-10-06 06:25:57,796 INFO o.a.j.t.JMeterThread: Thread started: conf #2 users 2-8
2021-10-06 06:25:57,797 INFO o.a.j.t.JMeterThread: Thread started: conf #2 users 2-9
2021-10-06 06:25:57,797 INFO o.a.j.t.JMeterThread: Thread started: conf #2 users 2-10
2021-10-06 06:25:57,798 INFO o.a.j.t.JMeterThread: Thread started: conf #2 users 2-11
2021-10-06 06:25:57,799 INFO o.a.j.t.ThreadGroup: Started thread group number 2
2021-10-06 06:25:57,799 INFO o.a.j.e.StandardJMeterEngine: Starting ThreadGroup: 3 : conf #3 users
2021-10-06 06:25:57,799 INFO o.a.j.e.StandardJMeterEngine: Starting 12 threads for group conf #3 users.
2021-10-06 06:25:57,799 INFO o.a.j.e.StandardJMeterEngine: Thread will continue on error
2021-10-06 06:25:57,799 INFO o.a.j.t.ThreadGroup: Starting thread group... number=3 threads=12 ramp-up=0 delayedStart=false
2021-10-06 06:25:57,799 INFO o.a.j.t.JMeterThread: Thread started: conf #2 users 2-12
2021-10-06 06:25:57,800 INFO o.a.j.t.JMeterThread: Thread started: conf #3 users 3-1
2021-10-06 06:25:57,801 INFO o.a.j.t.JMeterThread: Thread started: conf #3 users 3-2
2021-10-06 06:25:57,803 INFO o.a.j.t.JMeterThread: Thread started: conf #3 users 3-3
2021-10-06 06:25:57,803 INFO o.a.j.t.JMeterThread: Thread started: conf #3 users 3-4
2021-10-06 06:25:57,804 INFO o.a.j.t.JMeterThread: Thread started: conf #3 users 3-5
2021-10-06 06:25:57,805 INFO o.a.j.t.JMeterThread: Thread started: conf #3 users 3-6
2021-10-06 06:25:57,807 INFO o.a.j.t.JMeterThread: Thread started: conf #3 users 3-7
2021-10-06 06:25:57,807 INFO o.a.j.t.JMeterThread: Thread started: conf #3 users 3-8
2021-10-06 06:25:57,808 INFO o.a.j.t.JMeterThread: Thread started: conf #3 users 3-9
2021-10-06 06:25:57,809 INFO o.a.j.t.JMeterThread: Thread started: conf #3 users 3-10
2021-10-06 06:25:57,809 INFO o.a.j.t.JMeterThread: Thread started: conf #3 users 3-11
2021-10-06 06:25:57,810 INFO o.a.j.t.ThreadGroup: Started thread group number 3
2021-10-06 06:25:57,810 INFO o.a.j.e.StandardJMeterEngine: All thread groups have been started
2021-10-06 06:25:57,810 INFO o.a.j.t.JMeterThread: Thread started: conf #3 users 3-12
2021-10-06 06:26:07,270 INFO o.a.j.t.JMeterThread: Thread is done: conf #3 users 3-3
2021-10-06 06:26:07,270 INFO o.a.j.t.JMeterThread: Thread is done: conf #3 users 3-7
2021-10-06 06:26:07,270 INFO o.a.j.t.JMeterThread: Thread is done: conf #3 users 3-2
2021-10-06 06:26:07,270 INFO o.a.j.t.JMeterThread: Thread is done: conf #3 users 3-1
2021-10-06 06:26:07,270 INFO o.a.j.t.JMeterThread: Thread is done: conf #3 users 3-6
2021-10-06 06:26:07,270 INFO o.a.j.t.JMeterThread: Thread finished: conf #3 users 3-3
2021-10-06 06:26:07,270 INFO o.a.j.t.JMeterThread: Thread finished: conf #3 users 3-2
2021-10-06 06:26:07,270 INFO o.a.j.t.JMeterThread: Thread finished: conf #3 users 3-6
2021-10-06 06:26:07,270 INFO o.a.j.t.JMeterThread: Thread is done: conf #3 users 3-5
2021-10-06 06:26:07,270 INFO o.a.j.t.JMeterThread: Thread is done: conf #3 users 3-10
2021-10-06 06:26:07,270 INFO o.a.j.t.JMeterThread: Thread finished: conf #3 users 3-5
2021-10-06 06:26:07,270 INFO o.a.j.t.JMeterThread: Thread is done: conf #3 users 3-11
2021-10-06 06:26:07,270 INFO o.a.j.t.JMeterThread: Thread is done: conf #3 users 3-4
2021-10-06 06:26:07,270 INFO o.a.j.t.JMeterThread: Thread finished: conf #3 users 3-11
2021-10-06 06:26:07,270 INFO o.a.j.t.JMeterThread: Thread finished: conf #3 users 3-4
2021-10-06 06:26:07,270 INFO o.a.j.t.JMeterThread: Thread is done: conf #3 users 3-12
2021-10-06 06:26:07,270 INFO o.a.j.t.JMeterThread: Thread finished: conf #3 users 3-10
2021-10-06 06:26:07,270 INFO o.a.j.t.JMeterThread: Thread finished: conf #3 users 3-12
2021-10-06 06:26:07,270 INFO o.a.j.t.JMeterThread: Thread finished: conf #3 users 3-1
2021-10-06 06:26:07,270 INFO o.a.j.t.JMeterThread: Thread is done: conf #3 users 3-8
2021-10-06 06:26:07,270 INFO o.a.j.t.JMeterThread: Thread is done: conf #3 users 3-9
2021-10-06 06:26:07,272 INFO o.a.j.t.JMeterThread: Thread finished: conf #3 users 3-8
2021-10-06 06:26:07,272 INFO o.a.j.t.JMeterThread: Thread finished: conf #3 users 3-9
2021-10-06 06:26:07,272 INFO o.a.j.t.JMeterThread: Thread finished: conf #3 users 3-7
2021-10-06 06:26:07,295 INFO o.a.j.t.JMeterThread: Thread is done: conf #2 users 2-2
2021-10-06 06:26:07,295 INFO o.a.j.t.JMeterThread: Thread finished: conf #2 users 2-2
2021-10-06 06:26:07,297 INFO o.a.j.t.JMeterThread: Thread is done: conf #2 users 2-3
2021-10-06 06:26:07,297 INFO o.a.j.t.JMeterThread: Thread finished: conf #2 users 2-3
2021-10-06 06:26:07,299 INFO o.a.j.t.JMeterThread: Thread is done: conf #2 users 2-1
2021-10-06 06:26:07,299 INFO o.a.j.t.JMeterThread: Thread finished: conf #2 users 2-1
2021-10-06 06:26:07,302 INFO o.a.j.t.JMeterThread: Thread is done: conf #2 users 2-4
2021-10-06 06:26:07,302 INFO o.a.j.t.JMeterThread: Thread finished: conf #2 users 2-4
2021-10-06 06:26:07,303 INFO o.a.j.t.JMeterThread: Thread is done: conf #2 users 2-5
2021-10-06 06:26:07,304 INFO o.a.j.t.JMeterThread: Thread finished: conf #2 users 2-5
2021-10-06 06:26:07,306 INFO o.a.j.t.JMeterThread: Thread is done: conf #2 users 2-7
2021-10-06 06:26:07,306 INFO o.a.j.t.JMeterThread: Thread finished: conf #2 users 2-7
2021-10-06 06:26:07,309 INFO o.a.j.t.JMeterThread: Thread is done: conf #2 users 2-6
2021-10-06 06:26:07,309 INFO o.a.j.t.JMeterThread: Thread finished: conf #2 users 2-6
2021-10-06 06:26:07,311 INFO o.a.j.t.JMeterThread: Thread is done: conf #2 users 2-8
2021-10-06 06:26:07,311 INFO o.a.j.t.JMeterThread: Thread finished: conf #2 users 2-8
2021-10-06 06:26:07,314 INFO o.a.j.t.JMeterThread: Thread is done: conf #2 users 2-10
2021-10-06 06:26:07,314 INFO o.a.j.t.JMeterThread: Thread finished: conf #2 users 2-10
2021-10-06 06:26:07,314 INFO o.a.j.t.JMeterThread: Thread is done: conf #2 users 2-9
2021-10-06 06:26:07,314 INFO o.a.j.t.JMeterThread: Thread finished: conf #2 users 2-9
2021-10-06 06:26:07,318 INFO o.a.j.t.JMeterThread: Thread is done: conf #2 users 2-12
2021-10-06 06:26:07,318 INFO o.a.j.t.JMeterThread: Thread finished: conf #2 users 2-12
2021-10-06 06:26:07,319 INFO o.a.j.t.JMeterThread: Thread is done: conf #2 users 2-11
2021-10-06 06:26:07,319 INFO o.a.j.t.JMeterThread: Thread finished: conf #2 users 2-11
2021-10-06 06:26:07,382 INFO o.a.j.t.JMeterThread: Thread is done: conf #1 users 1-4
2021-10-06 06:26:07,382 INFO o.a.j.t.JMeterThread: Thread finished: conf #1 users 1-4
2021-10-06 06:26:07,384 INFO o.a.j.t.JMeterThread: Thread is done: conf #1 users 1-2
2021-10-06 06:26:07,384 INFO o.a.j.t.JMeterThread: Thread finished: conf #1 users 1-2
2021-10-06 06:26:07,387 INFO o.a.j.t.JMeterThread: Thread is done: conf #1 users 1-5
2021-10-06 06:26:07,387 INFO o.a.j.t.JMeterThread: Thread is done: conf #1 users 1-3
2021-10-06 06:26:07,387 INFO o.a.j.t.JMeterThread: Thread finished: conf #1 users 1-5
2021-10-06 06:26:07,387 INFO o.a.j.t.JMeterThread: Thread finished: conf #1 users 1-3
2021-10-06 06:26:07,389 INFO o.a.j.t.JMeterThread: Thread is done: conf #1 users 1-1
2021-10-06 06:26:07,389 INFO o.a.j.t.JMeterThread: Thread finished: conf #1 users 1-1
2021-10-06 06:26:07,392 INFO o.a.j.t.JMeterThread: Thread is done: conf #1 users 1-6
2021-10-06 06:26:07,392 INFO o.a.j.t.JMeterThread: Thread finished: conf #1 users 1-6
2021-10-06 06:26:07,392 INFO o.a.j.e.StandardJMeterEngine: Notifying test listeners of end of test
2021-10-06 06:26:07,392 INFO o.a.j.g.u.JMeterMenuBar: setRunning(false, *local*)
